0 info it worked if it ends with ok
1 verbose cli [ '/usr/bin/node',
1 verbose cli   '/usr/bin/npm',
1 verbose cli   'install',
1 verbose cli   '-g',
1 verbose cli   'browserstack-webdriver',
1 verbose cli   '--save-dev' ]
2 info using npm@1.4.3
3 info using node@v0.10.26
4 verbose node symlink /usr/bin/node
5 verbose cache add [ 'browserstack-webdriver', null ]
6 verbose cache add name=undefined spec="browserstack-webdriver" args=["browserstack-webdriver",null]
7 verbose parsed url { protocol: null,
7 verbose parsed url   slashes: null,
7 verbose parsed url   auth: null,
7 verbose parsed url   host: null,
7 verbose parsed url   port: null,
7 verbose parsed url   hostname: null,
7 verbose parsed url   hash: null,
7 verbose parsed url   search: null,
7 verbose parsed url   query: null,
7 verbose parsed url   pathname: 'browserstack-webdriver',
7 verbose parsed url   path: 'browserstack-webdriver',
7 verbose parsed url   href: 'browserstack-webdriver' }
8 silly lockFile 7f61c41e-browserstack-webdriver browserstack-webdriver
9 verbose lock browserstack-webdriver /home/gijs/.npm/7f61c41e-browserstack-webdriver.lock
10 silly lockFile 7f61c41e-browserstack-webdriver browserstack-webdriver
11 silly lockFile 7f61c41e-browserstack-webdriver browserstack-webdriver
12 verbose addNamed [ 'browserstack-webdriver', '' ]
13 verbose addNamed [ null, '*' ]
14 silly lockFile 064b8403-browserstack-webdriver browserstack-webdriver@
15 verbose lock browserstack-webdriver@ /home/gijs/.npm/064b8403-browserstack-webdriver.lock
16 silly addNameRange { name: 'browserstack-webdriver', range: '*', hasData: false }
17 verbose url raw browserstack-webdriver
18 verbose url resolving [ 'https://registry.npmjs.org/', './browserstack-webdriver' ]
19 verbose url resolved https://registry.npmjs.org/browserstack-webdriver
20 info trying registry request attempt 1 at 18:50:21
21 http GET https://registry.npmjs.org/browserstack-webdriver
22 http 200 https://registry.npmjs.org/browserstack-webdriver
23 silly registry.get cb [ 200,
23 silly registry.get   { date: 'Fri, 04 Apr 2014 16:50:22 GMT',
23 silly registry.get     server: 'CouchDB/1.5.0 (Erlang OTP/R14B04)',
23 silly registry.get     etag: '"1YHQ1TEMDGA6Q4B9U7I023VIO"',
23 silly registry.get     'content-type': 'application/json',
23 silly registry.get     via: '1.1 varnish',
23 silly registry.get     'cache-control': 'max-age=1',
23 silly registry.get     'content-length': '9711',
23 silly registry.get     'accept-ranges': 'bytes',
23 silly registry.get     age: '0',
23 silly registry.get     'x-served-by': 'cache-v37-ASH, cache-fra1220-FRA',
23 silly registry.get     'x-cache': 'MISS, MISS',
23 silly registry.get     'x-cache-hits': '0, 0',
23 silly registry.get     'x-timer': 'S1396630222.853873968,VS0,VS47,VE97,VE142',
23 silly registry.get     vary: 'Accept',
23 silly registry.get     'keep-alive': 'timeout=10, max=50',
23 silly registry.get     connection: 'Keep-Alive' } ]
24 silly addNameRange number 2 { name: 'browserstack-webdriver', range: '*', hasData: true }
25 silly addNameRange versions [ 'browserstack-webdriver',
25 silly addNameRange   [ '2.37.0', '2.37.1', '2.39.1', '2.39.2', '2.41.0' ] ]
26 verbose addNamed [ 'browserstack-webdriver', '2.41.0' ]
27 verbose addNamed [ '2.41.0', '2.41.0' ]
28 silly lockFile e6e82cd8-browserstack-webdriver-2-41-0 browserstack-webdriver@2.41.0
29 verbose lock browserstack-webdriver@2.41.0 /home/gijs/.npm/e6e82cd8-browserstack-webdriver-2-41-0.lock
30 silly lockFile 5af4ddb2-rowserstack-webdriver-2-41-0-tgz https://registry.npmjs.org/browserstack-webdriver/-/browserstack-webdriver-2.41.0.tgz
31 verbose lock https://registry.npmjs.org/browserstack-webdriver/-/browserstack-webdriver-2.41.0.tgz /home/gijs/.npm/5af4ddb2-rowserstack-webdriver-2-41-0-tgz.lock
32 verbose addRemoteTarball [ 'https://registry.npmjs.org/browserstack-webdriver/-/browserstack-webdriver-2.41.0.tgz',
32 verbose addRemoteTarball   '289231976972b998a12f31da3748571aa0aa268c' ]
33 info retry fetch attempt 1 at 18:50:21
34 verbose fetch to= /home/gijs/tmp/npm-9831-BbwqPnnT/1396630221975-0.03688138141296804/tmp.tgz
35 http GET https://registry.npmjs.org/browserstack-webdriver/-/browserstack-webdriver-2.41.0.tgz
36 http 200 https://registry.npmjs.org/browserstack-webdriver/-/browserstack-webdriver-2.41.0.tgz
37 verbose tar unpack /home/gijs/tmp/npm-9831-BbwqPnnT/1396630221975-0.03688138141296804/tmp.tgz
38 silly lockFile f9e777c7-1975-0-03688138141296804-package tar:///home/gijs/tmp/npm-9831-BbwqPnnT/1396630221975-0.03688138141296804/package
39 verbose lock tar:///home/gijs/tmp/npm-9831-BbwqPnnT/1396630221975-0.03688138141296804/package /home/gijs/.npm/f9e777c7-1975-0-03688138141296804-package.lock
40 silly lockFile c97d79f6-1975-0-03688138141296804-tmp-tgz tar:///home/gijs/tmp/npm-9831-BbwqPnnT/1396630221975-0.03688138141296804/tmp.tgz
41 verbose lock tar:///home/gijs/tmp/npm-9831-BbwqPnnT/1396630221975-0.03688138141296804/tmp.tgz /home/gijs/.npm/c97d79f6-1975-0-03688138141296804-tmp-tgz.lock
42 silly gunzTarPerm modes [ '755', '644' ]
43 silly gunzTarPerm extractEntry package.json
44 silly gunzTarPerm extractEntry README.md
45 silly gunzTarPerm extractEntry index.js
46 silly gunzTarPerm extractEntry _base.js
47 silly gunzTarPerm extractEntry builder.js
48 silly gunzTarPerm extractEntry chrome.js
49 silly gunzTarPerm extractEntry error.js
50 silly gunzTarPerm extractEntry executors.js
51 silly gunzTarPerm extractEntry phantomjs.js
52 silly gunzTarPerm extractEntry proxy.js
53 silly gunzTarPerm extractEntry http/index.js
54 silly gunzTarPerm extractEntry http/util.js
55 silly gunzTarPerm extractEntry COPYING
56 silly gunzTarPerm extractEntry io/index.js
57 silly gunzTarPerm extractEntry lib/README
58 silly gunzTarPerm extractEntry lib/atoms/error.js
59 silly gunzTarPerm extractEntry lib/atoms/json.js
60 silly gunzTarPerm extractEntry lib/atoms/response.js
61 silly gunzTarPerm extractEntry lib/atoms/userAgent.js
62 silly gunzTarPerm extractEntry lib/goog/LICENSE
63 silly gunzTarPerm extractEntry lib/goog/base.js
64 silly gunzTarPerm extractEntry lib/goog/deps.js
65 silly gunzTarPerm extractEntry lib/goog/useragent/product.js
66 silly gunzTarPerm extractEntry lib/goog/useragent/product_isversion.js
67 silly gunzTarPerm extractEntry lib/goog/useragent/useragent.js
68 silly gunzTarPerm extractEntry lib/goog/debug/error.js
69 silly gunzTarPerm extractEntry lib/goog/asserts/asserts.js
70 silly gunzTarPerm extractEntry lib/goog/iter/iter.js
71 silly gunzTarPerm extractEntry lib/goog/array/array.js
72 silly gunzTarPerm extractEntry lib/goog/labs/testing/assertthat.js
73 silly gunzTarPerm extractEntry lib/goog/labs/testing/logicmatcher.js
74 silly gunzTarPerm extractEntry lib/goog/labs/testing/matcher.js
75 silly gunzTarPerm extractEntry lib/goog/labs/testing/numbermatcher.js
76 silly gunzTarPerm extractEntry lib/goog/labs/testing/objectmatcher.js
77 silly gunzTarPerm extractEntry lib/goog/labs/testing/stringmatcher.js
78 silly gunzTarPerm extractEntry lib/goog/net/wrapperxmlhttpfactory.js
79 silly gunzTarPerm extractEntry lib/goog/net/xmlhttp.js
80 silly gunzTarPerm extractEntry lib/goog/net/xmlhttpfactory.js
81 silly gunzTarPerm extractEntry lib/goog/object/object.js
82 silly gunzTarPerm extractEntry lib/goog/string/string.js
83 silly gunzTarPerm extractEntry lib/goog/structs/map.js
84 silly gunzTarPerm extractEntry lib/goog/structs/structs.js
85 silly gunzTarPerm extractEntry lib/goog/uri/uri.js
86 silly gunzTarPerm extractEntry lib/goog/uri/utils.js
87 silly gunzTarPerm extractEntry lib/goog/json/json.js
88 silly gunzTarPerm extractEntry lib/test/build.js
89 silly gunzTarPerm extractEntry lib/test/fileserver.js
90 silly gunzTarPerm extractEntry lib/test/httpserver.js
91 silly gunzTarPerm extractEntry lib/test/index.js
92 silly gunzTarPerm extractEntry lib/test/resources.js
93 silly gunzTarPerm extractEntry lib/test/seleniumserver.js
94 silly gunzTarPerm extractEntry lib/test/data/jquery-1.3.2.js
95 silly gunzTarPerm extractEntry lib/test/data/injectableContent.html
96 silly gunzTarPerm extractEntry lib/test/data/Page.aspx.cs
97 silly gunzTarPerm extractEntry lib/test/data/Redirect.aspx
98 silly gunzTarPerm extractEntry lib/test/data/Redirect.aspx.cs
99 silly gunzTarPerm extractEntry lib/test/data/Settings.StyleCop
100 silly gunzTarPerm extractEntry lib/test/data/Web.Config
101 silly gunzTarPerm extractEntry lib/test/data/actualXhtmlPage.xhtml
102 silly gunzTarPerm extractEntry lib/test/data/ajaxy_page.html
103 silly gunzTarPerm extractEntry lib/test/data/alerts.html
104 silly gunzTarPerm extractEntry lib/test/data/banner.gif
105 silly gunzTarPerm extractEntry lib/test/data/beach.jpg
106 silly gunzTarPerm extractEntry lib/test/data/blank.html
107 silly gunzTarPerm extractEntry lib/test/data/bodyTypingTest.html
108 silly gunzTarPerm extractEntry lib/test/data/booleanAttributes.html
109 silly gunzTarPerm extractEntry lib/test/data/child/childPage.html
110 silly gunzTarPerm extractEntry lib/test/data/child/grandchild/grandchildPage.html
111 silly gunzTarPerm extractEntry lib/test/data/clickEventPage.html
112 silly gunzTarPerm extractEntry lib/test/data/click_frames.html
113 silly gunzTarPerm extractEntry lib/test/data/click_jacker.html
114 silly gunzTarPerm extractEntry lib/test/data/click_out_of_bounds.html
115 silly gunzTarPerm extractEntry lib/test/data/click_out_of_bounds_overflow.html
116 silly gunzTarPerm extractEntry lib/test/data/click_rtl.html
117 silly gunzTarPerm extractEntry lib/test/data/click_source.html
118 silly gunzTarPerm extractEntry lib/test/data/click_tests/link_that_wraps.html
119 silly gunzTarPerm extractEntry lib/test/data/click_tests/google_map.html
120 silly gunzTarPerm extractEntry lib/test/data/click_tests/html5_submit_buttons.html
121 silly gunzTarPerm extractEntry lib/test/data/click_tests/issue5237.html
122 silly gunzTarPerm extractEntry lib/test/data/click_tests/issue5237_frame.html
123 silly gunzTarPerm extractEntry lib/test/data/click_tests/issue5237_target.html
124 silly gunzTarPerm extractEntry lib/test/data/click_tests/google_map.png
125 silly gunzTarPerm extractEntry lib/test/data/click_tests/mapped_page1.html
126 silly gunzTarPerm extractEntry lib/test/data/click_tests/mapped_page2.html
127 silly gunzTarPerm extractEntry lib/test/data/click_tests/mapped_page3.html
128 silly gunzTarPerm extractEntry lib/test/data/click_tests/span_that_wraps.html
129 silly gunzTarPerm extractEntry lib/test/data/click_tests/submitted_page.html
130 silly gunzTarPerm extractEntry lib/test/data/click_too_big.html
131 silly gunzTarPerm extractEntry lib/test/data/click_too_big_in_frame.html
132 silly gunzTarPerm extractEntry lib/test/data/clicks.html
133 silly gunzTarPerm extractEntry lib/test/data/closeable_window.html
134 silly gunzTarPerm extractEntry lib/test/data/cn-test.html
135 silly gunzTarPerm extractEntry lib/test/data/colorPage.html
136 silly gunzTarPerm extractEntry lib/test/data/cookies.html
137 silly gunzTarPerm extractEntry lib/test/data/coordinates_tests/element_in_frame.html
138 silly gunzTarPerm extractEntry lib/test/data/coordinates_tests/element_in_nested_frame.html
139 silly gunzTarPerm extractEntry lib/test/data/coordinates_tests/page_with_element_out_of_view.html
140 silly gunzTarPerm extractEntry lib/test/data/coordinates_tests/page_with_empty_element.html
141 silly gunzTarPerm extractEntry lib/test/data/coordinates_tests/page_with_fixed_element.html
142 silly gunzTarPerm extractEntry lib/test/data/coordinates_tests/page_with_hidden_element.html
143 silly gunzTarPerm extractEntry lib/test/data/coordinates_tests/page_with_invisible_element.html
144 silly gunzTarPerm extractEntry lib/test/data/coordinates_tests/page_with_transparent_element.html
145 silly gunzTarPerm extractEntry lib/test/data/coordinates_tests/simple_page.html
146 silly gunzTarPerm extractEntry lib/test/data/css/ui-lightness/images/ui-bg_highlight-soft_100_eeeeee_1x100.png
147 silly gunzTarPerm extractEntry lib/test/data/css/ui-lightness/images/ui-bg_diagonals-thick_18_b81900_40x40.png
148 silly gunzTarPerm extractEntry lib/test/data/css/ui-lightness/images/ui-bg_flat_10_000000_40x100.png
149 silly gunzTarPerm extractEntry lib/test/data/css/ui-lightness/images/ui-bg_glass_100_f6f6f6_1x400.png
150 silly gunzTarPerm extractEntry lib/test/data/css/ui-lightness/images/ui-bg_glass_100_fdf5ce_1x400.png
151 silly gunzTarPerm extractEntry lib/test/data/css/ui-lightness/images/ui-bg_glass_65_ffffff_1x400.png
152 silly gunzTarPerm extractEntry lib/test/data/css/ui-lightness/images/ui-bg_gloss-wave_35_f6a828_500x100.png
153 silly gunzTarPerm extractEntry lib/test/data/css/ui-lightness/images/ui-bg_diagonals-thick_20_666666_40x40.png
154 silly gunzTarPerm extractEntry lib/test/data/css/ui-lightness/images/ui-bg_highlight-soft_75_ffe45c_1x100.png
155 silly gunzTarPerm extractEntry lib/test/data/css/ui-lightness/images/ui-icons_222222_256x240.png
156 silly gunzTarPerm extractEntry lib/test/data/css/ui-lightness/images/ui-icons_228ef1_256x240.png
157 silly gunzTarPerm extractEntry lib/test/data/css/ui-lightness/images/ui-icons_ef8c08_256x240.png
158 silly gunzTarPerm extractEntry lib/test/data/css/ui-lightness/images/ui-icons_ffd27a_256x240.png
159 silly gunzTarPerm extractEntry lib/test/data/css/ui-lightness/images/ui-icons_ffffff_256x240.png
160 silly gunzTarPerm extractEntry lib/test/data/css/ui-lightness/jquery-ui-1.8.10.custom.css
161 silly gunzTarPerm extractEntry lib/test/data/cssTransform.html
162 silly gunzTarPerm extractEntry lib/test/data/cssTransform2.html
163 silly gunzTarPerm extractEntry lib/test/data/document_write_in_onload.html
164 silly gunzTarPerm extractEntry lib/test/data/dragAndDropInsideScrolledDiv.html
165 silly gunzTarPerm extractEntry lib/test/data/dragAndDropTest.html
166 silly gunzTarPerm extractEntry lib/test/data/dragDropOverflow.html
167 silly gunzTarPerm extractEntry lib/test/data/draggableLists.html
168 silly gunzTarPerm extractEntry lib/test/data/droppableItems.html
169 silly gunzTarPerm extractEntry lib/test/data/dynamic.html
170 silly gunzTarPerm extractEntry lib/test/data/dynamicallyModifiedPage.html
171 silly gunzTarPerm extractEntry lib/test/data/errors.html
172 silly gunzTarPerm extractEntry lib/test/data/fixedFooterNoScroll.html
173 silly gunzTarPerm extractEntry lib/test/data/fixedFooterNoScrollQuirksMode.html
174 silly gunzTarPerm extractEntry lib/test/data/formPage.html
175 silly gunzTarPerm extractEntry lib/test/data/formSelectionPage.html
176 silly gunzTarPerm extractEntry lib/test/data/form_handling_js_submit.html
177 silly gunzTarPerm extractEntry lib/test/data/framePage3.html
178 silly gunzTarPerm extractEntry lib/test/data/frameScrollChild.html
179 silly gunzTarPerm extractEntry lib/test/data/frameScrollPage.html
180 silly gunzTarPerm extractEntry lib/test/data/frameScrollParent.html
181 silly gunzTarPerm extractEntry lib/test/data/frame_switching_tests/bug4876.html
182 silly gunzTarPerm extractEntry lib/test/data/frame_switching_tests/bug4876_iframe.html
183 silly gunzTarPerm extractEntry lib/test/data/frame_switching_tests/deletingFrame.html
184 silly gunzTarPerm extractEntry lib/test/data/frame_switching_tests/deletingFrame_iframe.html
185 silly gunzTarPerm extractEntry lib/test/data/frame_switching_tests/deletingFrame_iframe2.html
186 silly gunzTarPerm extractEntry lib/test/data/frameset.html
187 silly gunzTarPerm extractEntry lib/test/data/framesetPage2.html
188 silly gunzTarPerm extractEntry lib/test/data/framesetPage3.html
189 silly gunzTarPerm extractEntry lib/test/data/globalscope.html
190 silly gunzTarPerm extractEntry lib/test/data/hidden.html
191 silly gunzTarPerm extractEntry lib/test/data/html5/database.js
192 silly gunzTarPerm extractEntry lib/test/data/html5/geolocation.js
193 silly gunzTarPerm extractEntry lib/test/data/html5/blue.jpg
194 silly gunzTarPerm extractEntry lib/test/data/html5/green.jpg
195 silly gunzTarPerm extractEntry lib/test/data/html5/offline.html
196 silly gunzTarPerm extractEntry lib/test/data/html5/red.jpg
197 silly gunzTarPerm extractEntry lib/test/data/html5/status.html
198 silly gunzTarPerm extractEntry lib/test/data/html5/test.appcache
199 silly gunzTarPerm extractEntry lib/test/data/html5/yellow.jpg
200 silly gunzTarPerm extractEntry lib/test/data/html5Page.html
201 silly gunzTarPerm extractEntry lib/test/data/icon.gif
202 silly gunzTarPerm extractEntry lib/test/data/iframeAtBottom.html
203 silly gunzTarPerm extractEntry lib/test/data/iframeWithAlert.html
204 silly gunzTarPerm extractEntry lib/test/data/iframeWithIframe.html
205 silly gunzTarPerm extractEntry lib/test/data/iframes.html
206 silly gunzTarPerm extractEntry lib/test/data/Page.aspx
207 silly gunzTarPerm extractEntry lib/test/data/javascriptEnhancedForm.html
208 silly gunzTarPerm extractEntry lib/test/data/javascriptPage.html
209 silly gunzTarPerm extractEntry lib/test/data/ClickTest_testClicksASurroundingStrongTag.html
210 silly gunzTarPerm extractEntry lib/test/data/js/jquery-1.4.4.min.js
211 silly gunzTarPerm extractEntry lib/test/data/js/jquery-ui-1.8.10.custom.min.js
212 silly gunzTarPerm extractEntry lib/test/data/key_tests/remove_on_keypress.html
213 silly gunzTarPerm extractEntry lib/test/data/keyboard_shortcut.html
214 silly gunzTarPerm extractEntry lib/test/data/linked_image.html
215 silly gunzTarPerm extractEntry lib/test/data/locators_tests/boolean_attribute_selected.html
216 silly gunzTarPerm extractEntry lib/test/data/locators_tests/boolean_attribute_selected_html4.html
217 silly gunzTarPerm extractEntry lib/test/data/longContentPage.html
218 silly gunzTarPerm extractEntry lib/test/data/macbeth.html
219 silly gunzTarPerm extractEntry lib/test/data/map.png
220 silly gunzTarPerm extractEntry lib/test/data/map_visibility.html
221 silly gunzTarPerm extractEntry lib/test/data/markerTransparent.png
222 silly gunzTarPerm extractEntry lib/test/data/messages.html
223 silly gunzTarPerm extractEntry lib/test/data/meta-redirect.html
224 silly gunzTarPerm extractEntry lib/test/data/missedJsReference.html
225 silly gunzTarPerm extractEntry lib/test/data/modal_dialogs/modal_1.html
226 silly gunzTarPerm extractEntry lib/test/data/modal_dialogs/modal_2.html
227 silly gunzTarPerm extractEntry lib/test/data/modal_dialogs/modal_3.html
228 silly gunzTarPerm extractEntry lib/test/data/modal_dialogs/modalindex.html
229 silly gunzTarPerm extractEntry lib/test/data/mouseOver.html
230 silly gunzTarPerm extractEntry lib/test/data/mousePositionTracker.html
231 silly gunzTarPerm extractEntry lib/test/data/nestedElements.html
232 silly gunzTarPerm extractEntry lib/test/data/overflow/x_auto_y_auto.html
233 silly gunzTarPerm extractEntry lib/test/data/overflow/x_auto_y_hidden.html
234 silly gunzTarPerm extractEntry lib/test/data/overflow/x_auto_y_scroll.html
235 silly gunzTarPerm extractEntry lib/test/data/overflow/x_hidden_y_auto.html
236 silly gunzTarPerm extractEntry lib/test/data/overflow/x_hidden_y_hidden.html
237 silly gunzTarPerm extractEntry lib/test/data/overflow/x_hidden_y_scroll.html
238 silly gunzTarPerm extractEntry lib/test/data/overflow/x_scroll_y_auto.html
239 silly gunzTarPerm extractEntry lib/test/data/overflow/x_scroll_y_hidden.html
240 silly gunzTarPerm extractEntry lib/test/data/overflow/x_scroll_y_scroll.html
241 silly gunzTarPerm extractEntry lib/test/data/overflow-body.html
242 silly gunzTarPerm extractEntry lib/test/data/pageWithOnBeforeUnloadMessage.html
243 silly gunzTarPerm extractEntry lib/test/data/pageWithOnLoad.html
244 silly gunzTarPerm extractEntry lib/test/data/pageWithOnUnload.html
245 silly gunzTarPerm extractEntry lib/test/data/page_with_link_to_slow_loading_page.html
246 silly gunzTarPerm extractEntry lib/test/data/plain.txt
247 silly gunzTarPerm extractEntry lib/test/data/proxy/page1.html
248 silly gunzTarPerm extractEntry lib/test/data/proxy/page2.html
249 silly gunzTarPerm extractEntry lib/test/data/proxy/page3.html
250 silly gunzTarPerm extractEntry lib/test/data/readOnlyPage.html
251 silly gunzTarPerm extractEntry lib/test/data/rectangles.html
252 silly gunzTarPerm extractEntry lib/test/data/resultPage.html
253 silly gunzTarPerm extractEntry lib/test/data/rich_text.html
254 silly gunzTarPerm extractEntry lib/test/data/safari/frames_benchmark.html
255 silly gunzTarPerm extractEntry lib/test/data/screen/screen.js
256 silly gunzTarPerm extractEntry lib/test/data/screen/screen_iframes.html
257 silly gunzTarPerm extractEntry lib/test/data/screen/screen.css
258 silly gunzTarPerm extractEntry lib/test/data/screen/screen_frame1.html
259 silly gunzTarPerm extractEntry lib/test/data/screen/screen_frame2.html
260 silly gunzTarPerm extractEntry lib/test/data/screen/screen_frames.html
261 silly gunzTarPerm extractEntry lib/test/data/screen/screen.html
262 silly gunzTarPerm extractEntry lib/test/data/screen/screen_too_long.html
263 silly gunzTarPerm extractEntry lib/test/data/screen/screen_x_long.html
264 silly gunzTarPerm extractEntry lib/test/data/screen/screen_x_too_long.html
265 silly gunzTarPerm extractEntry lib/test/data/screen/screen_y_long.html
266 silly gunzTarPerm extractEntry lib/test/data/screen/screen_y_too_long.html
267 silly gunzTarPerm extractEntry lib/test/data/scroll.html
268 silly gunzTarPerm extractEntry lib/test/data/scroll2.html
269 silly gunzTarPerm extractEntry lib/test/data/scroll3.html
270 silly gunzTarPerm extractEntry lib/test/data/scroll4.html
271 silly gunzTarPerm extractEntry lib/test/data/scroll5.html
272 silly gunzTarPerm extractEntry lib/test/data/scrolling_tests/page_with_nested_scrolling_frames.html
273 silly gunzTarPerm extractEntry lib/test/data/scrolling_tests/frame_with_height_above_200.html
274 silly gunzTarPerm extractEntry lib/test/data/scrolling_tests/frame_with_nested_scrolling_frame.html
275 silly gunzTarPerm extractEntry lib/test/data/scrolling_tests/frame_with_nested_scrolling_frame_out_of_view.html
276 silly gunzTarPerm extractEntry lib/test/data/scrolling_tests/frame_with_small_height.html
277 silly gunzTarPerm extractEntry lib/test/data/scrolling_tests/page_with_double_overflow_auto.html
278 silly gunzTarPerm extractEntry lib/test/data/scrolling_tests/page_with_frame_out_of_view.html
279 silly gunzTarPerm extractEntry lib/test/data/scrolling_tests/frame_with_height_above_2000.html
280 silly gunzTarPerm extractEntry lib/test/data/scrolling_tests/page_with_nested_scrolling_frames_out_of_view.html
281 silly gunzTarPerm extractEntry lib/test/data/scrolling_tests/page_with_non_scrolling_frame.html
282 silly gunzTarPerm extractEntry lib/test/data/scrolling_tests/page_with_scrolling_frame.html
283 silly gunzTarPerm extractEntry lib/test/data/scrolling_tests/page_with_scrolling_frame_out_of_view.html
284 silly gunzTarPerm extractEntry lib/test/data/scrolling_tests/page_with_tall_frame.html
285 silly gunzTarPerm extractEntry lib/test/data/scrolling_tests/page_with_y_overflow_auto.html
286 silly gunzTarPerm extractEntry lib/test/data/scrolling_tests/target_page.html
287 silly gunzTarPerm extractEntry lib/test/data/selectPage.html
288 silly gunzTarPerm extractEntry lib/test/data/selectableItems.html
289 silly gunzTarPerm extractEntry lib/test/data/sessionCookie.html
290 silly gunzTarPerm extractEntry lib/test/data/sessionCookieDest.html
291 silly gunzTarPerm extractEntry lib/test/data/simple.xml
292 silly gunzTarPerm extractEntry lib/test/data/simpleTest.html
293 silly gunzTarPerm extractEntry lib/test/data/slowLoadingAlert.html
294 silly gunzTarPerm extractEntry lib/test/data/slowLoadingResourcePage.html
295 silly gunzTarPerm extractEntry lib/test/data/slow_loading_iframes.html
296 silly gunzTarPerm extractEntry lib/test/data/styledPage.html
297 silly gunzTarPerm extractEntry lib/test/data/svgPiechart.xhtml
298 silly gunzTarPerm extractEntry lib/test/data/svgTest.svg
299 silly gunzTarPerm extractEntry lib/test/data/tables.html
300 silly gunzTarPerm extractEntry lib/test/data/transformable.xml
301 silly gunzTarPerm extractEntry lib/test/data/transformable.xsl
302 silly gunzTarPerm extractEntry lib/test/data/underscore.html
303 silly gunzTarPerm extractEntry lib/test/data/unicode_ltr.html
304 silly gunzTarPerm extractEntry lib/test/data/upload.html
305 silly gunzTarPerm extractEntry lib/test/data/userDefinedProperty.html
306 silly gunzTarPerm extractEntry lib/test/data/veryLargeCanvas.html
307 silly gunzTarPerm extractEntry lib/test/data/visibility-css.html
308 silly gunzTarPerm extractEntry lib/test/data/win32frameset.html
309 silly gunzTarPerm extractEntry lib/test/data/window_switching_tests/page_with_frame.html
310 silly gunzTarPerm extractEntry lib/test/data/window_switching_tests/simple_page.html
311 silly gunzTarPerm extractEntry lib/test/data/xhtmlFormPage.xhtml
312 silly gunzTarPerm extractEntry lib/test/data/xhtmlTest.html
313 silly gunzTarPerm extractEntry lib/webdriver/abstractbuilder.js
314 silly gunzTarPerm extractEntry lib/webdriver/capabilities.js
315 silly gunzTarPerm extractEntry lib/webdriver/command.js
316 silly gunzTarPerm extractEntry lib/webdriver/events.js
317 silly gunzTarPerm extractEntry lib/webdriver/firefoxdomexecutor.js
318 silly gunzTarPerm extractEntry lib/webdriver/button.js
319 silly gunzTarPerm extractEntry lib/webdriver/actionsequence.js
320 silly gunzTarPerm extractEntry lib/webdriver/locators.js
321 silly gunzTarPerm extractEntry lib/webdriver/logging.js
322 silly gunzTarPerm extractEntry lib/webdriver/process.js
323 silly gunzTarPerm extractEntry lib/webdriver/promise.js
324 silly gunzTarPerm extractEntry lib/webdriver/builder.js
325 silly gunzTarPerm extractEntry lib/webdriver/session.js
326 silly gunzTarPerm extractEntry lib/webdriver/stacktrace.js
327 silly gunzTarPerm extractEntry lib/webdriver/webdriver.js
328 silly gunzTarPerm extractEntry lib/webdriver/key.js
329 silly gunzTarPerm extractEntry lib/webdriver/http/corsclient.js
330 silly gunzTarPerm extractEntry lib/webdriver/http/http.js
331 silly gunzTarPerm extractEntry lib/webdriver/http/xhrclient.js
332 silly gunzTarPerm extractEntry lib/webdriver/testing/asserts.js
333 silly gunzTarPerm extractEntry net/index.js
334 silly gunzTarPerm extractEntry net/portprober.js
335 silly gunzTarPerm extractEntry CHANGES.md
336 silly gunzTarPerm extractEntry example/google_search.js
337 silly gunzTarPerm extractEntry example/google_search_test.js
338 silly gunzTarPerm extractEntry phantomjsdriver.log
339 silly gunzTarPerm extractEntry docs/types.js
340 silly gunzTarPerm extractEntry docs/dossier.js
341 silly gunzTarPerm extractEntry docs/class_goog_Uri_QueryData.html
342 silly gunzTarPerm extractEntry docs/class_goog_asserts_AssertionError.html
343 silly gunzTarPerm extractEntry docs/class_goog_debug_Error.html
344 silly gunzTarPerm extractEntry docs/class_goog_iter_Iterator.html
345 silly gunzTarPerm extractEntry docs/class_goog_json_Serializer.html
346 silly gunzTarPerm extractEntry docs/class_goog_labs_testing_AllOfMatcher.html
347 silly gunzTarPerm extractEntry docs/class_goog_labs_testing_AnyOfMatcher.html
348 silly gunzTarPerm extractEntry docs/class_goog_labs_testing_CloseToMatcher.html
349 silly gunzTarPerm extractEntry docs/class_goog_labs_testing_ContainsStringMatcher.html
350 silly gunzTarPerm extractEntry docs/class_goog_labs_testing_EndsWithMatcher.html
351 silly gunzTarPerm extractEntry docs/class_goog_labs_testing_EqualToIgnoringWhitespaceMatcher.html
352 silly gunzTarPerm extractEntry docs/class_goog_labs_testing_EqualToMatcher.html
353 silly gunzTarPerm extractEntry docs/class_goog_labs_testing_EqualsMatcher.html
354 silly gunzTarPerm extractEntry docs/class_goog_labs_testing_GreaterThanEqualToMatcher.html
355 silly gunzTarPerm extractEntry docs/class_goog_labs_testing_GreaterThanMatcher.html
356 silly gunzTarPerm extractEntry docs/class_goog_labs_testing_HasPropertyMatcher.html
357 silly gunzTarPerm extractEntry docs/class_goog_labs_testing_InstanceOfMatcher.html
358 silly gunzTarPerm extractEntry docs/class_goog_labs_testing_IsNotMatcher.html
359 silly gunzTarPerm extractEntry docs/class_goog_labs_testing_IsNullMatcher.html
360 silly gunzTarPerm extractEntry docs/class_goog_labs_testing_IsNullOrUndefinedMatcher.html
361 silly gunzTarPerm extractEntry docs/class_goog_labs_testing_IsUndefinedMatcher.html
362 silly gunzTarPerm extractEntry docs/class_goog_labs_testing_LessThanEqualToMatcher.html
363 silly gunzTarPerm extractEntry docs/class_goog_labs_testing_LessThanMatcher.html
364 silly gunzTarPerm extractEntry docs/class_goog_labs_testing_MatcherError.html
365 silly gunzTarPerm extractEntry docs/class_goog_labs_testing_ObjectEqualsMatcher.html
366 silly gunzTarPerm extractEntry docs/class_goog_labs_testing_RegexMatcher.html
367 silly gunzTarPerm extractEntry docs/class_goog_labs_testing_StartsWithMatcher.html
368 silly gunzTarPerm extractEntry docs/class_goog_labs_testing_StringContainsInOrderMatcher.html
369 silly gunzTarPerm extractEntry docs/class_goog_net_DefaultXmlHttpFactory.html
370 silly gunzTarPerm extractEntry docs/class_goog_net_WrapperXmlHttpFactory.html
371 silly gunzTarPerm extractEntry docs/class_goog_net_XmlHttpFactory.html
372 silly gunzTarPerm extractEntry docs/class_goog_structs_Map.html
373 silly gunzTarPerm extractEntry docs/class_webdriver_AbstractBuilder.html
374 silly gunzTarPerm extractEntry docs/class_webdriver_ActionSequence.html
375 silly gunzTarPerm extractEntry docs/class_webdriver_Alert.html
376 silly gunzTarPerm extractEntry docs/class_webdriver_Builder.html
377 silly gunzTarPerm extractEntry docs/class_webdriver_Capabilities.html
378 silly gunzTarPerm extractEntry docs/class_webdriver_Command.html
379 silly gunzTarPerm extractEntry docs/class_webdriver_EventEmitter.html
380 silly gunzTarPerm extractEntry docs/class_webdriver_FirefoxDomExecutor.html
381 silly gunzTarPerm extractEntry docs/class_webdriver_Locator.html
382 silly gunzTarPerm extractEntry docs/class_webdriver_Session.html
383 silly gunzTarPerm extractEntry docs/class_webdriver_UnhandledAlertError.html
384 silly gunzTarPerm extractEntry docs/class_webdriver_WebDriver.html
385 silly gunzTarPerm extractEntry docs/class_webdriver_WebDriver_Logs.html
386 silly gunzTarPerm extractEntry docs/class_webdriver_WebDriver_Navigation.html
387 silly gunzTarPerm extractEntry docs/class_webdriver_WebDriver_Options.html
388 silly gunzTarPerm extractEntry docs/class_webdriver_WebDriver_TargetLocator.html
389 silly gunzTarPerm extractEntry docs/class_webdriver_WebDriver_Timeouts.html
390 silly gunzTarPerm extractEntry docs/class_webdriver_WebDriver_Window.html
391 silly gunzTarPerm extractEntry docs/class_webdriver_WebElement.html
392 silly gunzTarPerm extractEntry docs/class_webdriver_http_CorsClient.html
393 silly gunzTarPerm extractEntry docs/class_webdriver_http_Executor.html
394 silly gunzTarPerm extractEntry docs/class_webdriver_http_Request.html
395 silly gunzTarPerm extractEntry docs/class_webdriver_http_Response.html
396 silly gunzTarPerm extractEntry docs/class_webdriver_http_XhrClient.html
397 silly gunzTarPerm extractEntry docs/class_webdriver_logging_Entry.html
398 silly gunzTarPerm extractEntry docs/class_webdriver_promise_CanceledTaskError_.html
399 silly gunzTarPerm extractEntry docs/class_webdriver_promise_ControlFlow.html
400 silly gunzTarPerm extractEntry docs/class_webdriver_promise_Deferred.html
401 silly gunzTarPerm extractEntry docs/class_webdriver_promise_Frame_.html
402 silly gunzTarPerm extractEntry docs/class_webdriver_promise_Node_.html
403 silly gunzTarPerm extractEntry docs/class_webdriver_promise_Promise.html
404 silly gunzTarPerm extractEntry docs/class_webdriver_promise_Task_.html
405 silly gunzTarPerm extractEntry docs/class_webdriver_stacktrace_Frame.html
406 silly gunzTarPerm extractEntry docs/class_webdriver_stacktrace_Snapshot.html
407 silly gunzTarPerm extractEntry docs/class_webdriver_testing_Assertion.html
408 silly gunzTarPerm extractEntry docs/class_webdriver_testing_Assertion_DelegatingMatcher_.html
409 silly gunzTarPerm extractEntry docs/class_webdriver_testing_ContainsMatcher.html
410 silly gunzTarPerm extractEntry docs/class_webdriver_testing_NegatedAssertion.html
411 silly gunzTarPerm extractEntry docs/dossier.css
412 silly gunzTarPerm extractEntry docs/class_bot_Error.html
413 silly gunzTarPerm extractEntry docs/enum_bot_ErrorCode.html
414 silly gunzTarPerm extractEntry docs/enum_bot_Error_State.html
415 silly gunzTarPerm extractEntry docs/enum_goog_net_XmlHttp_OptionType.html
416 silly gunzTarPerm extractEntry docs/class_goog_Uri.html
417 silly gunzTarPerm extractEntry docs/enum_goog_string_Unicode.html
418 silly gunzTarPerm extractEntry docs/enum_goog_uri_utils_CharCode_.html
419 silly gunzTarPerm extractEntry docs/enum_goog_uri_utils_ComponentIndex.html
420 silly gunzTarPerm extractEntry docs/enum_goog_uri_utils_StandardQueryParam.html
421 silly gunzTarPerm extractEntry docs/enum_webdriver_Browser.html
422 silly gunzTarPerm extractEntry docs/enum_webdriver_Button.html
423 silly gunzTarPerm extractEntry docs/enum_webdriver_Capability.html
424 silly gunzTarPerm extractEntry docs/enum_webdriver_CommandName.html
425 silly gunzTarPerm extractEntry docs/enum_webdriver_FirefoxDomExecutor_Attribute_.html
426 silly gunzTarPerm extractEntry docs/enum_webdriver_FirefoxDomExecutor_EventType_.html
427 silly gunzTarPerm extractEntry docs/enum_webdriver_Key.html
428 silly gunzTarPerm extractEntry docs/enum_webdriver_logging_Level.html
429 silly gunzTarPerm extractEntry docs/enum_webdriver_logging_LevelName.html
430 silly gunzTarPerm extractEntry docs/enum_webdriver_logging_Type.html
431 silly gunzTarPerm extractEntry docs/enum_webdriver_promise_ControlFlow_EventType.html
432 silly gunzTarPerm extractEntry docs/enum_webdriver_promise_Deferred_State_.html
433 silly gunzTarPerm extractEntry docs/index.html
434 silly gunzTarPerm extractEntry docs/interface_goog_labs_testing_Matcher.html
435 silly gunzTarPerm extractEntry docs/interface_webdriver_CommandExecutor.html
436 silly gunzTarPerm extractEntry docs/interface_webdriver_http_Client.html
437 silly gunzTarPerm extractEntry docs/license.html
438 silly gunzTarPerm extractEntry docs/module_selenium-webdriver.html
439 silly gunzTarPerm extractEntry docs/module_selenium-webdriver__base.html
440 silly gunzTarPerm extractEntry docs/module_selenium-webdriver_builder.html
441 silly gunzTarPerm extractEntry docs/module_selenium-webdriver_builder_class_Builder.html
442 silly gunzTarPerm extractEntry docs/module_selenium-webdriver_chrome.html
443 silly gunzTarPerm extractEntry docs/module_selenium-webdriver_chrome_class_Options.html
444 silly gunzTarPerm extractEntry docs/module_selenium-webdriver_chrome_class_ServiceBuilder.html
445 silly gunzTarPerm extractEntry docs/module_selenium-webdriver_error.html
446 silly gunzTarPerm extractEntry docs/module_selenium-webdriver_executors.html
447 silly gunzTarPerm extractEntry docs/module_selenium-webdriver_http.html
448 silly gunzTarPerm extractEntry docs/module_selenium-webdriver_http_class_HttpClient.html
449 silly gunzTarPerm extractEntry docs/module_selenium-webdriver_http_util.html
450 silly gunzTarPerm extractEntry docs/module_selenium-webdriver_io.html
451 silly gunzTarPerm extractEntry docs/module_selenium-webdriver_net.html
452 silly gunzTarPerm extractEntry docs/module_selenium-webdriver_net_portprober.html
453 silly gunzTarPerm extractEntry docs/module_selenium-webdriver_phantomjs.html
454 silly gunzTarPerm extractEntry docs/module_selenium-webdriver_proxy.html
455 silly gunzTarPerm extractEntry docs/module_selenium-webdriver_remote.html
456 silly gunzTarPerm extractEntry docs/module_selenium-webdriver_remote_class_DriverService.html
457 silly gunzTarPerm extractEntry docs/module_selenium-webdriver_remote_class_SeleniumServer.html
458 silly gunzTarPerm extractEntry docs/module_selenium-webdriver_testing.html
459 silly gunzTarPerm extractEntry docs/module_selenium-webdriver_testing_assert.html
460 silly gunzTarPerm extractEntry docs/namespace_bot.html
461 silly gunzTarPerm extractEntry docs/namespace_bot_json.html
462 silly gunzTarPerm extractEntry docs/namespace_bot_response.html
463 silly gunzTarPerm extractEntry docs/namespace_bot_userAgent.html
464 silly gunzTarPerm extractEntry docs/namespace_goog.html
465 silly gunzTarPerm extractEntry docs/namespace_goog_array.html
466 silly gunzTarPerm extractEntry docs/namespace_goog_asserts.html
467 silly gunzTarPerm extractEntry docs/namespace_goog_debug.html
468 silly gunzTarPerm extractEntry docs/namespace_goog_iter.html
469 silly gunzTarPerm extractEntry docs/namespace_goog_json.html
470 silly gunzTarPerm extractEntry docs/namespace_goog_labs.html
471 silly gunzTarPerm extractEntry docs/namespace_goog_labs_testing.html
472 silly gunzTarPerm extractEntry docs/namespace_goog_net.html
473 silly gunzTarPerm extractEntry docs/namespace_goog_net_XmlHttp.html
474 silly gunzTarPerm extractEntry docs/namespace_goog_object.html
475 silly gunzTarPerm extractEntry docs/namespace_goog_string.html
476 silly gunzTarPerm extractEntry docs/namespace_goog_structs.html
477 silly gunzTarPerm extractEntry docs/namespace_goog_uri.html
478 silly gunzTarPerm extractEntry docs/namespace_goog_uri_utils.html
479 silly gunzTarPerm extractEntry docs/namespace_goog_userAgent.html
480 silly gunzTarPerm extractEntry docs/namespace_goog_userAgent_product.html
481 silly gunzTarPerm extractEntry docs/namespace_webdriver.html
482 silly gunzTarPerm extractEntry docs/namespace_webdriver_By.html
483 silly gunzTarPerm extractEntry docs/namespace_webdriver_http.html
484 silly gunzTarPerm extractEntry docs/namespace_webdriver_logging.html
485 silly gunzTarPerm extractEntry docs/namespace_webdriver_process.html
486 silly gunzTarPerm extractEntry docs/namespace_webdriver_promise.html
487 silly gunzTarPerm extractEntry docs/namespace_webdriver_stacktrace.html
488 silly gunzTarPerm extractEntry docs/namespace_webdriver_testing.html
489 silly gunzTarPerm extractEntry docs/namespace_webdriver_testing_assert.html
490 silly gunzTarPerm extractEntry docs/namespace_webdriver_testing_asserts.html
491 silly gunzTarPerm extractEntry docs/source/io/index.js.src.html
492 silly gunzTarPerm extractEntry docs/source/_base.js.src.html
493 silly gunzTarPerm extractEntry docs/source/chrome.js.src.html
494 silly gunzTarPerm extractEntry docs/source/error.js.src.html
495 silly gunzTarPerm extractEntry docs/source/executors.js.src.html
496 silly gunzTarPerm extractEntry docs/source/http/index.js.src.html
497 silly gunzTarPerm extractEntry docs/source/http/util.js.src.html
498 silly gunzTarPerm extractEntry docs/source/index.js.src.html
499 silly gunzTarPerm extractEntry docs/source/builder.js.src.html
500 silly gunzTarPerm extractEntry docs/source/lib/atoms/error.js.src.html
501 silly gunzTarPerm extractEntry docs/source/lib/atoms/json.js.src.html
502 silly gunzTarPerm extractEntry docs/source/lib/atoms/response.js.src.html
503 silly gunzTarPerm extractEntry docs/source/lib/atoms/userAgent.js.src.html
504 silly gunzTarPerm extractEntry docs/source/lib/goog/labs/testing/assertthat.js.src.html
505 silly gunzTarPerm extractEntry docs/source/lib/goog/labs/testing/logicmatcher.js.src.html
506 silly gunzTarPerm extractEntry docs/source/lib/goog/labs/testing/matcher.js.src.html
507 silly gunzTarPerm extractEntry docs/source/lib/goog/labs/testing/numbermatcher.js.src.html
508 silly gunzTarPerm extractEntry docs/source/lib/goog/labs/testing/objectmatcher.js.src.html
509 silly gunzTarPerm extractEntry docs/source/lib/goog/labs/testing/stringmatcher.js.src.html
510 silly gunzTarPerm extractEntry docs/source/lib/goog/array/array.js.src.html
511 silly gunzTarPerm extractEntry docs/source/lib/goog/base.js.src.html
512 silly gunzTarPerm extractEntry docs/source/lib/goog/debug/error.js.src.html
513 silly gunzTarPerm extractEntry docs/source/lib/goog/deps.js.src.html
514 silly gunzTarPerm extractEntry docs/source/lib/goog/iter/iter.js.src.html
515 silly gunzTarPerm extractEntry docs/source/lib/goog/json/json.js.src.html
516 silly gunzTarPerm extractEntry docs/source/lib/goog/asserts/asserts.js.src.html
517 silly gunzTarPerm extractEntry docs/source/lib/goog/net/wrapperxmlhttpfactory.js.src.html
518 silly gunzTarPerm extractEntry docs/source/lib/goog/net/xmlhttp.js.src.html
519 silly gunzTarPerm extractEntry docs/source/lib/goog/net/xmlhttpfactory.js.src.html
520 silly gunzTarPerm extractEntry docs/source/lib/goog/object/object.js.src.html
521 silly gunzTarPerm extractEntry docs/source/lib/goog/string/string.js.src.html
522 silly gunzTarPerm extractEntry docs/source/lib/goog/structs/map.js.src.html
523 silly gunzTarPerm extractEntry docs/source/lib/goog/structs/structs.js.src.html
524 silly gunzTarPerm extractEntry docs/source/lib/goog/uri/uri.js.src.html
525 silly gunzTarPerm extractEntry docs/source/lib/goog/uri/utils.js.src.html
526 silly gunzTarPerm extractEntry docs/source/lib/goog/useragent/product.js.src.html
527 silly gunzTarPerm extractEntry docs/source/lib/goog/useragent/product_isversion.js.src.html
528 silly gunzTarPerm extractEntry docs/source/lib/goog/useragent/useragent.js.src.html
529 silly gunzTarPerm extractEntry docs/source/lib/webdriver/key.js.src.html
530 silly gunzTarPerm extractEntry docs/source/lib/webdriver/abstractbuilder.js.src.html
531 silly gunzTarPerm extractEntry docs/source/lib/webdriver/builder.js.src.html
532 silly gunzTarPerm extractEntry docs/source/lib/webdriver/button.js.src.html
533 silly gunzTarPerm extractEntry docs/source/lib/webdriver/capabilities.js.src.html
534 silly gunzTarPerm extractEntry docs/source/lib/webdriver/command.js.src.html
535 silly gunzTarPerm extractEntry docs/source/lib/webdriver/events.js.src.html
536 silly gunzTarPerm extractEntry docs/source/lib/webdriver/firefoxdomexecutor.js.src.html
537 silly gunzTarPerm extractEntry docs/source/lib/webdriver/http/corsclient.js.src.html
538 silly gunzTarPerm extractEntry docs/source/lib/webdriver/http/http.js.src.html
539 silly gunzTarPerm extractEntry docs/source/lib/webdriver/http/xhrclient.js.src.html
540 silly gunzTarPerm extractEntry docs/source/lib/webdriver/actionsequence.js.src.html
541 silly gunzTarPerm extractEntry docs/source/lib/webdriver/locators.js.src.html
542 silly gunzTarPerm extractEntry docs/source/lib/webdriver/logging.js.src.html
543 silly gunzTarPerm extractEntry docs/source/lib/webdriver/process.js.src.html
544 silly gunzTarPerm extractEntry docs/source/lib/webdriver/promise.js.src.html
545 silly gunzTarPerm extractEntry docs/source/lib/webdriver/session.js.src.html
546 silly gunzTarPerm extractEntry docs/source/lib/webdriver/stacktrace.js.src.html
547 silly gunzTarPerm extractEntry docs/source/lib/webdriver/testing/asserts.js.src.html
548 silly gunzTarPerm extractEntry docs/source/lib/webdriver/webdriver.js.src.html
549 silly gunzTarPerm extractEntry docs/source/net/index.js.src.html
550 silly gunzTarPerm extractEntry docs/source/net/portprober.js.src.html
551 silly gunzTarPerm extractEntry docs/source/phantomjs.js.src.html
552 silly gunzTarPerm extractEntry docs/source/proxy.js.src.html
553 silly gunzTarPerm extractEntry docs/source/remote/index.js.src.html
554 silly gunzTarPerm extractEntry docs/source/testing/assert.js.src.html
555 silly gunzTarPerm extractEntry docs/source/testing/index.js.src.html
556 silly gunzTarPerm extractEntry docs/enum_goog_net_XmlHttp_ReadyState.html
557 silly gunzTarPerm extractEntry remote/index.js
558 silly gunzTarPerm extractEntry test/window_test.js
559 silly gunzTarPerm extractEntry test/element_finding_test.js
560 silly gunzTarPerm extractEntry test/tag_name_test.js
561 silly gunzTarPerm extractEntry test/stale_element_test.js
562 silly gunzTarPerm extractEntry test/cookie_test.js
563 silly gunzTarPerm extractEntry test/proxy_test.js
564 silly gunzTarPerm extractEntry test/page_loading_test.js
565 silly gunzTarPerm extractEntry test/net/portprober_test.js
566 silly gunzTarPerm extractEntry test/http/util_test.js
567 silly gunzTarPerm extractEntry test/testing/index_test.js
568 silly gunzTarPerm extractEntry test/chrome/options_test.js
569 silly gunzTarPerm extractEntry testing/assert.js
570 silly gunzTarPerm extractEntry testing/index.js
571 silly lockFile f9e777c7-1975-0-03688138141296804-package tar:///home/gijs/tmp/npm-9831-BbwqPnnT/1396630221975-0.03688138141296804/package
572 silly lockFile f9e777c7-1975-0-03688138141296804-package tar:///home/gijs/tmp/npm-9831-BbwqPnnT/1396630221975-0.03688138141296804/package
573 silly lockFile c97d79f6-1975-0-03688138141296804-tmp-tgz tar:///home/gijs/tmp/npm-9831-BbwqPnnT/1396630221975-0.03688138141296804/tmp.tgz
574 silly lockFile c97d79f6-1975-0-03688138141296804-tmp-tgz tar:///home/gijs/tmp/npm-9831-BbwqPnnT/1396630221975-0.03688138141296804/tmp.tgz
575 verbose tar pack [ '/home/gijs/.npm/browserstack-webdriver/2.41.0/package.tgz',
575 verbose tar pack   '/home/gijs/tmp/npm-9831-BbwqPnnT/1396630221975-0.03688138141296804/package' ]
576 verbose tarball /home/gijs/.npm/browserstack-webdriver/2.41.0/package.tgz
577 verbose folder /home/gijs/tmp/npm-9831-BbwqPnnT/1396630221975-0.03688138141296804/package
578 silly lockFile f9e777c7-1975-0-03688138141296804-package tar:///home/gijs/tmp/npm-9831-BbwqPnnT/1396630221975-0.03688138141296804/package
579 verbose lock tar:///home/gijs/tmp/npm-9831-BbwqPnnT/1396630221975-0.03688138141296804/package /home/gijs/.npm/f9e777c7-1975-0-03688138141296804-package.lock
580 silly lockFile ca05665b-ack-webdriver-2-41-0-package-tgz tar:///home/gijs/.npm/browserstack-webdriver/2.41.0/package.tgz
581 verbose lock tar:///home/gijs/.npm/browserstack-webdriver/2.41.0/package.tgz /home/gijs/.npm/ca05665b-ack-webdriver-2-41-0-package-tgz.lock
582 silly lockFile f9e777c7-1975-0-03688138141296804-package tar:///home/gijs/tmp/npm-9831-BbwqPnnT/1396630221975-0.03688138141296804/package
583 silly lockFile f9e777c7-1975-0-03688138141296804-package tar:///home/gijs/tmp/npm-9831-BbwqPnnT/1396630221975-0.03688138141296804/package
584 silly lockFile ca05665b-ack-webdriver-2-41-0-package-tgz tar:///home/gijs/.npm/browserstack-webdriver/2.41.0/package.tgz
585 silly lockFile ca05665b-ack-webdriver-2-41-0-package-tgz tar:///home/gijs/.npm/browserstack-webdriver/2.41.0/package.tgz
586 silly lockFile 392def92-erstack-webdriver-2-41-0-package /home/gijs/.npm/browserstack-webdriver/2.41.0/package
587 verbose lock /home/gijs/.npm/browserstack-webdriver/2.41.0/package /home/gijs/.npm/392def92-erstack-webdriver-2-41-0-package.lock
588 silly lockFile 392def92-erstack-webdriver-2-41-0-package /home/gijs/.npm/browserstack-webdriver/2.41.0/package
589 silly lockFile 392def92-erstack-webdriver-2-41-0-package /home/gijs/.npm/browserstack-webdriver/2.41.0/package
590 verbose tar unpack /home/gijs/.npm/browserstack-webdriver/2.41.0/package.tgz
591 silly lockFile b2b257ef-erstack-webdriver-2-41-0-package tar:///home/gijs/.npm/browserstack-webdriver/2.41.0/package
592 verbose lock tar:///home/gijs/.npm/browserstack-webdriver/2.41.0/package /home/gijs/.npm/b2b257ef-erstack-webdriver-2-41-0-package.lock
593 silly lockFile ca05665b-ack-webdriver-2-41-0-package-tgz tar:///home/gijs/.npm/browserstack-webdriver/2.41.0/package.tgz
594 verbose lock tar:///home/gijs/.npm/browserstack-webdriver/2.41.0/package.tgz /home/gijs/.npm/ca05665b-ack-webdriver-2-41-0-package-tgz.lock
595 silly gunzTarPerm modes [ '755', '644' ]
596 silly gunzTarPerm extractEntry package.json
597 silly gunzTarPerm extractEntry README.md
598 silly gunzTarPerm extractEntry index.js
599 silly gunzTarPerm extractEntry _base.js
600 silly gunzTarPerm extractEntry builder.js
601 silly gunzTarPerm extractEntry chrome.js
602 silly gunzTarPerm extractEntry error.js
603 silly gunzTarPerm extractEntry executors.js
604 silly gunzTarPerm extractEntry phantomjs.js
605 silly gunzTarPerm extractEntry proxy.js
606 silly gunzTarPerm extractEntry http/index.js
607 silly gunzTarPerm extractEntry http/util.js
608 silly gunzTarPerm extractEntry COPYING
609 silly gunzTarPerm extractEntry io/index.js
610 silly gunzTarPerm extractEntry lib/README
611 silly gunzTarPerm extractEntry lib/atoms/error.js
612 silly gunzTarPerm extractEntry lib/atoms/json.js
613 silly gunzTarPerm extractEntry lib/atoms/response.js
614 silly gunzTarPerm extractEntry lib/atoms/userAgent.js
615 silly gunzTarPerm extractEntry lib/goog/LICENSE
616 silly gunzTarPerm extractEntry lib/goog/base.js
617 silly gunzTarPerm extractEntry lib/goog/deps.js
618 silly gunzTarPerm extractEntry lib/goog/useragent/product.js
619 silly gunzTarPerm extractEntry lib/goog/useragent/product_isversion.js
620 silly gunzTarPerm extractEntry lib/goog/useragent/useragent.js
621 silly gunzTarPerm extractEntry lib/goog/debug/error.js
622 silly gunzTarPerm extractEntry lib/goog/asserts/asserts.js
623 silly gunzTarPerm extractEntry lib/goog/iter/iter.js
624 silly gunzTarPerm extractEntry lib/goog/array/array.js
625 silly gunzTarPerm extractEntry lib/goog/labs/testing/assertthat.js
626 silly gunzTarPerm extractEntry lib/goog/labs/testing/logicmatcher.js
627 silly gunzTarPerm extractEntry lib/goog/labs/testing/matcher.js
628 silly gunzTarPerm extractEntry lib/goog/labs/testing/numbermatcher.js
629 silly gunzTarPerm extractEntry lib/goog/labs/testing/objectmatcher.js
630 silly gunzTarPerm extractEntry lib/goog/labs/testing/stringmatcher.js
631 silly gunzTarPerm extractEntry lib/goog/net/wrapperxmlhttpfactory.js
632 silly gunzTarPerm extractEntry lib/goog/net/xmlhttp.js
633 silly gunzTarPerm extractEntry lib/goog/net/xmlhttpfactory.js
634 silly gunzTarPerm extractEntry lib/goog/object/object.js
635 silly gunzTarPerm extractEntry lib/goog/string/string.js
636 silly gunzTarPerm extractEntry lib/goog/structs/map.js
637 silly gunzTarPerm extractEntry lib/goog/structs/structs.js
638 silly gunzTarPerm extractEntry lib/goog/uri/uri.js
639 silly gunzTarPerm extractEntry lib/goog/uri/utils.js
640 silly gunzTarPerm extractEntry lib/goog/json/json.js
641 silly gunzTarPerm extractEntry lib/test/build.js
642 silly gunzTarPerm extractEntry lib/test/fileserver.js
643 silly gunzTarPerm extractEntry lib/test/httpserver.js
644 silly gunzTarPerm extractEntry lib/test/index.js
645 silly gunzTarPerm extractEntry lib/test/resources.js
646 silly gunzTarPerm extractEntry lib/test/seleniumserver.js
647 silly gunzTarPerm extractEntry lib/test/data/jquery-1.3.2.js
648 silly gunzTarPerm extractEntry lib/test/data/injectableContent.html
649 silly gunzTarPerm extractEntry lib/test/data/Page.aspx.cs
650 silly gunzTarPerm extractEntry lib/test/data/Redirect.aspx
651 silly gunzTarPerm extractEntry lib/test/data/Redirect.aspx.cs
652 silly gunzTarPerm extractEntry lib/test/data/Settings.StyleCop
653 silly gunzTarPerm extractEntry lib/test/data/Web.Config
654 silly gunzTarPerm extractEntry lib/test/data/actualXhtmlPage.xhtml
655 silly gunzTarPerm extractEntry lib/test/data/ajaxy_page.html
656 silly gunzTarPerm extractEntry lib/test/data/alerts.html
657 silly gunzTarPerm extractEntry lib/test/data/banner.gif
658 silly gunzTarPerm extractEntry lib/test/data/beach.jpg
659 silly gunzTarPerm extractEntry lib/test/data/blank.html
660 silly gunzTarPerm extractEntry lib/test/data/bodyTypingTest.html
661 silly gunzTarPerm extractEntry lib/test/data/booleanAttributes.html
662 silly gunzTarPerm extractEntry lib/test/data/child/childPage.html
663 silly gunzTarPerm extractEntry lib/test/data/child/grandchild/grandchildPage.html
664 silly gunzTarPerm extractEntry lib/test/data/clickEventPage.html
665 silly gunzTarPerm extractEntry lib/test/data/click_frames.html
666 silly gunzTarPerm extractEntry lib/test/data/click_jacker.html
667 silly gunzTarPerm extractEntry lib/test/data/click_out_of_bounds.html
668 silly gunzTarPerm extractEntry lib/test/data/click_out_of_bounds_overflow.html
669 silly gunzTarPerm extractEntry lib/test/data/click_rtl.html
670 silly gunzTarPerm extractEntry lib/test/data/click_source.html
671 silly gunzTarPerm extractEntry lib/test/data/click_tests/link_that_wraps.html
672 silly gunzTarPerm extractEntry lib/test/data/click_tests/google_map.html
673 silly gunzTarPerm extractEntry lib/test/data/click_tests/html5_submit_buttons.html
674 silly gunzTarPerm extractEntry lib/test/data/click_tests/issue5237.html
675 silly gunzTarPerm extractEntry lib/test/data/click_tests/issue5237_frame.html
676 silly gunzTarPerm extractEntry lib/test/data/click_tests/issue5237_target.html
677 silly gunzTarPerm extractEntry lib/test/data/click_tests/google_map.png
678 silly gunzTarPerm extractEntry lib/test/data/click_tests/mapped_page1.html
679 silly gunzTarPerm extractEntry lib/test/data/click_tests/mapped_page2.html
680 silly gunzTarPerm extractEntry lib/test/data/click_tests/mapped_page3.html
681 silly gunzTarPerm extractEntry lib/test/data/click_tests/span_that_wraps.html
682 silly gunzTarPerm extractEntry lib/test/data/click_tests/submitted_page.html
683 silly gunzTarPerm extractEntry lib/test/data/click_too_big.html
684 silly gunzTarPerm extractEntry lib/test/data/click_too_big_in_frame.html
685 silly gunzTarPerm extractEntry lib/test/data/clicks.html
686 silly gunzTarPerm extractEntry lib/test/data/closeable_window.html
687 silly gunzTarPerm extractEntry lib/test/data/cn-test.html
688 silly gunzTarPerm extractEntry lib/test/data/colorPage.html
689 silly gunzTarPerm extractEntry lib/test/data/cookies.html
690 silly gunzTarPerm extractEntry lib/test/data/coordinates_tests/element_in_frame.html
691 silly gunzTarPerm extractEntry lib/test/data/coordinates_tests/element_in_nested_frame.html
692 silly gunzTarPerm extractEntry lib/test/data/coordinates_tests/page_with_element_out_of_view.html
693 silly gunzTarPerm extractEntry lib/test/data/coordinates_tests/page_with_empty_element.html
694 silly gunzTarPerm extractEntry lib/test/data/coordinates_tests/page_with_fixed_element.html
695 silly gunzTarPerm extractEntry lib/test/data/coordinates_tests/page_with_hidden_element.html
696 silly gunzTarPerm extractEntry lib/test/data/coordinates_tests/page_with_invisible_element.html
697 silly gunzTarPerm extractEntry lib/test/data/coordinates_tests/page_with_transparent_element.html
698 silly gunzTarPerm extractEntry lib/test/data/coordinates_tests/simple_page.html
699 silly gunzTarPerm extractEntry lib/test/data/css/ui-lightness/images/ui-bg_highlight-soft_100_eeeeee_1x100.png
700 silly gunzTarPerm extractEntry lib/test/data/css/ui-lightness/images/ui-bg_diagonals-thick_18_b81900_40x40.png
701 silly gunzTarPerm extractEntry lib/test/data/css/ui-lightness/images/ui-bg_flat_10_000000_40x100.png
702 silly gunzTarPerm extractEntry lib/test/data/css/ui-lightness/images/ui-bg_glass_100_f6f6f6_1x400.png
703 silly gunzTarPerm extractEntry lib/test/data/css/ui-lightness/images/ui-bg_glass_100_fdf5ce_1x400.png
704 silly gunzTarPerm extractEntry lib/test/data/css/ui-lightness/images/ui-bg_glass_65_ffffff_1x400.png
705 silly gunzTarPerm extractEntry lib/test/data/css/ui-lightness/images/ui-bg_gloss-wave_35_f6a828_500x100.png
706 silly gunzTarPerm extractEntry lib/test/data/css/ui-lightness/images/ui-bg_diagonals-thick_20_666666_40x40.png
707 silly gunzTarPerm extractEntry lib/test/data/css/ui-lightness/images/ui-bg_highlight-soft_75_ffe45c_1x100.png
708 silly gunzTarPerm extractEntry lib/test/data/css/ui-lightness/images/ui-icons_222222_256x240.png
709 silly gunzTarPerm extractEntry lib/test/data/css/ui-lightness/images/ui-icons_228ef1_256x240.png
710 silly gunzTarPerm extractEntry lib/test/data/css/ui-lightness/images/ui-icons_ef8c08_256x240.png
711 silly gunzTarPerm extractEntry lib/test/data/css/ui-lightness/images/ui-icons_ffd27a_256x240.png
712 silly gunzTarPerm extractEntry lib/test/data/css/ui-lightness/images/ui-icons_ffffff_256x240.png
713 silly gunzTarPerm extractEntry lib/test/data/css/ui-lightness/jquery-ui-1.8.10.custom.css
714 silly gunzTarPerm extractEntry lib/test/data/cssTransform.html
715 silly gunzTarPerm extractEntry lib/test/data/cssTransform2.html
716 silly gunzTarPerm extractEntry lib/test/data/document_write_in_onload.html
717 silly gunzTarPerm extractEntry lib/test/data/dragAndDropInsideScrolledDiv.html
718 silly gunzTarPerm extractEntry lib/test/data/dragAndDropTest.html
719 silly gunzTarPerm extractEntry lib/test/data/dragDropOverflow.html
720 silly gunzTarPerm extractEntry lib/test/data/draggableLists.html
721 silly gunzTarPerm extractEntry lib/test/data/droppableItems.html
722 silly gunzTarPerm extractEntry lib/test/data/dynamic.html
723 silly gunzTarPerm extractEntry lib/test/data/dynamicallyModifiedPage.html
724 silly gunzTarPerm extractEntry lib/test/data/errors.html
725 silly gunzTarPerm extractEntry lib/test/data/fixedFooterNoScroll.html
726 silly gunzTarPerm extractEntry lib/test/data/fixedFooterNoScrollQuirksMode.html
727 silly gunzTarPerm extractEntry lib/test/data/formPage.html
728 silly gunzTarPerm extractEntry lib/test/data/formSelectionPage.html
729 silly gunzTarPerm extractEntry lib/test/data/form_handling_js_submit.html
730 silly gunzTarPerm extractEntry lib/test/data/framePage3.html
731 silly gunzTarPerm extractEntry lib/test/data/frameScrollChild.html
732 silly gunzTarPerm extractEntry lib/test/data/frameScrollPage.html
733 silly gunzTarPerm extractEntry lib/test/data/frameScrollParent.html
734 silly gunzTarPerm extractEntry lib/test/data/frame_switching_tests/bug4876.html
735 silly gunzTarPerm extractEntry lib/test/data/frame_switching_tests/bug4876_iframe.html
736 silly gunzTarPerm extractEntry lib/test/data/frame_switching_tests/deletingFrame.html
737 silly gunzTarPerm extractEntry lib/test/data/frame_switching_tests/deletingFrame_iframe.html
738 silly gunzTarPerm extractEntry lib/test/data/frame_switching_tests/deletingFrame_iframe2.html
739 silly gunzTarPerm extractEntry lib/test/data/frameset.html
740 silly gunzTarPerm extractEntry lib/test/data/framesetPage2.html
741 silly gunzTarPerm extractEntry lib/test/data/framesetPage3.html
742 silly gunzTarPerm extractEntry lib/test/data/globalscope.html
743 silly gunzTarPerm extractEntry lib/test/data/hidden.html
744 silly gunzTarPerm extractEntry lib/test/data/html5/database.js
745 silly gunzTarPerm extractEntry lib/test/data/html5/geolocation.js
746 silly gunzTarPerm extractEntry lib/test/data/html5/blue.jpg
747 silly gunzTarPerm extractEntry lib/test/data/html5/green.jpg
748 silly gunzTarPerm extractEntry lib/test/data/html5/offline.html
749 silly gunzTarPerm extractEntry lib/test/data/html5/red.jpg
750 silly gunzTarPerm extractEntry lib/test/data/html5/status.html
751 silly gunzTarPerm extractEntry lib/test/data/html5/test.appcache
752 silly gunzTarPerm extractEntry lib/test/data/html5/yellow.jpg
753 silly gunzTarPerm extractEntry lib/test/data/html5Page.html
754 silly gunzTarPerm extractEntry lib/test/data/icon.gif
755 silly gunzTarPerm extractEntry lib/test/data/iframeAtBottom.html
756 silly gunzTarPerm extractEntry lib/test/data/iframeWithAlert.html
757 silly gunzTarPerm extractEntry lib/test/data/iframeWithIframe.html
758 silly gunzTarPerm extractEntry lib/test/data/iframes.html
759 silly gunzTarPerm extractEntry lib/test/data/Page.aspx
760 silly gunzTarPerm extractEntry lib/test/data/javascriptEnhancedForm.html
761 silly gunzTarPerm extractEntry lib/test/data/javascriptPage.html
762 silly gunzTarPerm extractEntry lib/test/data/ClickTest_testClicksASurroundingStrongTag.html
763 silly gunzTarPerm extractEntry lib/test/data/js/jquery-1.4.4.min.js
764 silly gunzTarPerm extractEntry lib/test/data/js/jquery-ui-1.8.10.custom.min.js
765 silly gunzTarPerm extractEntry lib/test/data/key_tests/remove_on_keypress.html
766 silly gunzTarPerm extractEntry lib/test/data/keyboard_shortcut.html
767 silly gunzTarPerm extractEntry lib/test/data/linked_image.html
768 silly gunzTarPerm extractEntry lib/test/data/locators_tests/boolean_attribute_selected.html
769 silly gunzTarPerm extractEntry lib/test/data/locators_tests/boolean_attribute_selected_html4.html
770 silly gunzTarPerm extractEntry lib/test/data/longContentPage.html
771 silly gunzTarPerm extractEntry lib/test/data/macbeth.html
772 silly gunzTarPerm extractEntry lib/test/data/map.png
773 silly gunzTarPerm extractEntry lib/test/data/map_visibility.html
774 silly gunzTarPerm extractEntry lib/test/data/markerTransparent.png
775 silly gunzTarPerm extractEntry lib/test/data/messages.html
776 silly gunzTarPerm extractEntry lib/test/data/meta-redirect.html
777 silly gunzTarPerm extractEntry lib/test/data/missedJsReference.html
778 silly gunzTarPerm extractEntry lib/test/data/modal_dialogs/modal_1.html
779 silly gunzTarPerm extractEntry lib/test/data/modal_dialogs/modal_2.html
780 silly gunzTarPerm extractEntry lib/test/data/modal_dialogs/modal_3.html
781 silly gunzTarPerm extractEntry lib/test/data/modal_dialogs/modalindex.html
782 silly gunzTarPerm extractEntry lib/test/data/mouseOver.html
783 silly gunzTarPerm extractEntry lib/test/data/mousePositionTracker.html
784 silly gunzTarPerm extractEntry lib/test/data/nestedElements.html
785 silly gunzTarPerm extractEntry lib/test/data/overflow/x_auto_y_auto.html
786 silly gunzTarPerm extractEntry lib/test/data/overflow/x_auto_y_hidden.html
787 silly gunzTarPerm extractEntry lib/test/data/overflow/x_auto_y_scroll.html
788 silly gunzTarPerm extractEntry lib/test/data/overflow/x_hidden_y_auto.html
789 silly gunzTarPerm extractEntry lib/test/data/overflow/x_hidden_y_hidden.html
790 silly gunzTarPerm extractEntry lib/test/data/overflow/x_hidden_y_scroll.html
791 silly gunzTarPerm extractEntry lib/test/data/overflow/x_scroll_y_auto.html
792 silly gunzTarPerm extractEntry lib/test/data/overflow/x_scroll_y_hidden.html
793 silly gunzTarPerm extractEntry lib/test/data/overflow/x_scroll_y_scroll.html
794 silly gunzTarPerm extractEntry lib/test/data/overflow-body.html
795 silly gunzTarPerm extractEntry lib/test/data/pageWithOnBeforeUnloadMessage.html
796 silly gunzTarPerm extractEntry lib/test/data/pageWithOnLoad.html
797 silly gunzTarPerm extractEntry lib/test/data/pageWithOnUnload.html
798 silly gunzTarPerm extractEntry lib/test/data/page_with_link_to_slow_loading_page.html
799 silly gunzTarPerm extractEntry lib/test/data/plain.txt
800 silly gunzTarPerm extractEntry lib/test/data/proxy/page1.html
801 silly gunzTarPerm extractEntry lib/test/data/proxy/page2.html
802 silly gunzTarPerm extractEntry lib/test/data/proxy/page3.html
803 silly gunzTarPerm extractEntry lib/test/data/readOnlyPage.html
804 silly gunzTarPerm extractEntry lib/test/data/rectangles.html
805 silly gunzTarPerm extractEntry lib/test/data/resultPage.html
806 silly gunzTarPerm extractEntry lib/test/data/rich_text.html
807 silly gunzTarPerm extractEntry lib/test/data/safari/frames_benchmark.html
808 silly gunzTarPerm extractEntry lib/test/data/screen/screen.js
809 silly gunzTarPerm extractEntry lib/test/data/screen/screen_iframes.html
810 silly gunzTarPerm extractEntry lib/test/data/screen/screen.css
811 silly gunzTarPerm extractEntry lib/test/data/screen/screen_frame1.html
812 silly gunzTarPerm extractEntry lib/test/data/screen/screen_frame2.html
813 silly gunzTarPerm extractEntry lib/test/data/screen/screen_frames.html
814 silly gunzTarPerm extractEntry lib/test/data/screen/screen.html
815 silly gunzTarPerm extractEntry lib/test/data/screen/screen_too_long.html
816 silly gunzTarPerm extractEntry lib/test/data/screen/screen_x_long.html
817 silly gunzTarPerm extractEntry lib/test/data/screen/screen_x_too_long.html
818 silly gunzTarPerm extractEntry lib/test/data/screen/screen_y_long.html
819 silly gunzTarPerm extractEntry lib/test/data/screen/screen_y_too_long.html
820 silly gunzTarPerm extractEntry lib/test/data/scroll.html
821 silly gunzTarPerm extractEntry lib/test/data/scroll2.html
822 silly gunzTarPerm extractEntry lib/test/data/scroll3.html
823 silly gunzTarPerm extractEntry lib/test/data/scroll4.html
824 silly gunzTarPerm extractEntry lib/test/data/scroll5.html
825 silly gunzTarPerm extractEntry lib/test/data/scrolling_tests/page_with_nested_scrolling_frames.html
826 silly gunzTarPerm extractEntry lib/test/data/scrolling_tests/frame_with_height_above_200.html
827 silly gunzTarPerm extractEntry lib/test/data/scrolling_tests/frame_with_nested_scrolling_frame.html
828 silly gunzTarPerm extractEntry lib/test/data/scrolling_tests/frame_with_nested_scrolling_frame_out_of_view.html
829 silly gunzTarPerm extractEntry lib/test/data/scrolling_tests/frame_with_small_height.html
830 silly gunzTarPerm extractEntry lib/test/data/scrolling_tests/page_with_double_overflow_auto.html
831 silly gunzTarPerm extractEntry lib/test/data/scrolling_tests/page_with_frame_out_of_view.html
832 silly gunzTarPerm extractEntry lib/test/data/scrolling_tests/frame_with_height_above_2000.html
833 silly gunzTarPerm extractEntry lib/test/data/scrolling_tests/page_with_nested_scrolling_frames_out_of_view.html
834 silly gunzTarPerm extractEntry lib/test/data/scrolling_tests/page_with_non_scrolling_frame.html
835 silly gunzTarPerm extractEntry lib/test/data/scrolling_tests/page_with_scrolling_frame.html
836 silly gunzTarPerm extractEntry lib/test/data/scrolling_tests/page_with_scrolling_frame_out_of_view.html
837 silly gunzTarPerm extractEntry lib/test/data/scrolling_tests/page_with_tall_frame.html
838 silly gunzTarPerm extractEntry lib/test/data/scrolling_tests/page_with_y_overflow_auto.html
839 silly gunzTarPerm extractEntry lib/test/data/scrolling_tests/target_page.html
840 silly gunzTarPerm extractEntry lib/test/data/selectPage.html
841 silly gunzTarPerm extractEntry lib/test/data/selectableItems.html
842 silly gunzTarPerm extractEntry lib/test/data/sessionCookie.html
843 silly gunzTarPerm extractEntry lib/test/data/sessionCookieDest.html
844 silly gunzTarPerm extractEntry lib/test/data/simple.xml
845 silly gunzTarPerm extractEntry lib/test/data/simpleTest.html
846 silly gunzTarPerm extractEntry lib/test/data/slowLoadingAlert.html
847 silly gunzTarPerm extractEntry lib/test/data/slowLoadingResourcePage.html
848 silly gunzTarPerm extractEntry lib/test/data/slow_loading_iframes.html
849 silly gunzTarPerm extractEntry lib/test/data/styledPage.html
850 silly gunzTarPerm extractEntry lib/test/data/svgPiechart.xhtml
851 silly gunzTarPerm extractEntry lib/test/data/svgTest.svg
852 silly gunzTarPerm extractEntry lib/test/data/tables.html
853 silly gunzTarPerm extractEntry lib/test/data/transformable.xml
854 silly gunzTarPerm extractEntry lib/test/data/transformable.xsl
855 silly gunzTarPerm extractEntry lib/test/data/underscore.html
856 silly gunzTarPerm extractEntry lib/test/data/unicode_ltr.html
857 silly gunzTarPerm extractEntry lib/test/data/upload.html
858 silly gunzTarPerm extractEntry lib/test/data/userDefinedProperty.html
859 silly gunzTarPerm extractEntry lib/test/data/veryLargeCanvas.html
860 silly gunzTarPerm extractEntry lib/test/data/visibility-css.html
861 silly gunzTarPerm extractEntry lib/test/data/win32frameset.html
862 silly gunzTarPerm extractEntry lib/test/data/window_switching_tests/page_with_frame.html
863 silly gunzTarPerm extractEntry lib/test/data/window_switching_tests/simple_page.html
864 silly gunzTarPerm extractEntry lib/test/data/xhtmlFormPage.xhtml
865 silly gunzTarPerm extractEntry lib/test/data/xhtmlTest.html
866 silly gunzTarPerm extractEntry lib/webdriver/abstractbuilder.js
867 silly gunzTarPerm extractEntry lib/webdriver/capabilities.js
868 silly gunzTarPerm extractEntry lib/webdriver/command.js
869 silly gunzTarPerm extractEntry lib/webdriver/events.js
870 silly gunzTarPerm extractEntry lib/webdriver/firefoxdomexecutor.js
871 silly gunzTarPerm extractEntry lib/webdriver/button.js
872 silly gunzTarPerm extractEntry lib/webdriver/actionsequence.js
873 silly gunzTarPerm extractEntry lib/webdriver/locators.js
874 silly gunzTarPerm extractEntry lib/webdriver/logging.js
875 silly gunzTarPerm extractEntry lib/webdriver/process.js
876 silly gunzTarPerm extractEntry lib/webdriver/promise.js
877 silly gunzTarPerm extractEntry lib/webdriver/builder.js
878 silly gunzTarPerm extractEntry lib/webdriver/session.js
879 silly gunzTarPerm extractEntry lib/webdriver/stacktrace.js
880 silly gunzTarPerm extractEntry lib/webdriver/webdriver.js
881 silly gunzTarPerm extractEntry lib/webdriver/key.js
882 silly gunzTarPerm extractEntry lib/webdriver/http/corsclient.js
883 silly gunzTarPerm extractEntry lib/webdriver/http/http.js
884 silly gunzTarPerm extractEntry lib/webdriver/http/xhrclient.js
885 silly gunzTarPerm extractEntry lib/webdriver/testing/asserts.js
886 silly gunzTarPerm extractEntry net/index.js
887 silly gunzTarPerm extractEntry net/portprober.js
888 silly gunzTarPerm extractEntry CHANGES.md
889 silly gunzTarPerm extractEntry example/google_search.js
890 silly gunzTarPerm extractEntry example/google_search_test.js
891 silly gunzTarPerm extractEntry phantomjsdriver.log
892 silly gunzTarPerm extractEntry docs/types.js
893 silly gunzTarPerm extractEntry docs/dossier.js
894 silly gunzTarPerm extractEntry docs/class_goog_Uri_QueryData.html
895 silly gunzTarPerm extractEntry docs/class_goog_asserts_AssertionError.html
896 silly gunzTarPerm extractEntry docs/class_goog_debug_Error.html
897 silly gunzTarPerm extractEntry docs/class_goog_iter_Iterator.html
898 silly gunzTarPerm extractEntry docs/class_goog_json_Serializer.html
899 silly gunzTarPerm extractEntry docs/class_goog_labs_testing_AllOfMatcher.html
900 silly gunzTarPerm extractEntry docs/class_goog_labs_testing_AnyOfMatcher.html
901 silly gunzTarPerm extractEntry docs/class_goog_labs_testing_CloseToMatcher.html
902 silly gunzTarPerm extractEntry docs/class_goog_labs_testing_ContainsStringMatcher.html
903 silly gunzTarPerm extractEntry docs/class_goog_labs_testing_EndsWithMatcher.html
904 silly gunzTarPerm extractEntry docs/class_goog_labs_testing_EqualToIgnoringWhitespaceMatcher.html
905 silly gunzTarPerm extractEntry docs/class_goog_labs_testing_EqualToMatcher.html
906 silly gunzTarPerm extractEntry docs/class_goog_labs_testing_EqualsMatcher.html
907 silly gunzTarPerm extractEntry docs/class_goog_labs_testing_GreaterThanEqualToMatcher.html
908 silly gunzTarPerm extractEntry docs/class_goog_labs_testing_GreaterThanMatcher.html
909 silly gunzTarPerm extractEntry docs/class_goog_labs_testing_HasPropertyMatcher.html
910 silly gunzTarPerm extractEntry docs/class_goog_labs_testing_InstanceOfMatcher.html
911 silly gunzTarPerm extractEntry docs/class_goog_labs_testing_IsNotMatcher.html
912 silly gunzTarPerm extractEntry docs/class_goog_labs_testing_IsNullMatcher.html
913 silly gunzTarPerm extractEntry docs/class_goog_labs_testing_IsNullOrUndefinedMatcher.html
914 silly gunzTarPerm extractEntry docs/class_goog_labs_testing_IsUndefinedMatcher.html
915 silly gunzTarPerm extractEntry docs/class_goog_labs_testing_LessThanEqualToMatcher.html
916 silly gunzTarPerm extractEntry docs/class_goog_labs_testing_LessThanMatcher.html
917 silly gunzTarPerm extractEntry docs/class_goog_labs_testing_MatcherError.html
918 silly gunzTarPerm extractEntry docs/class_goog_labs_testing_ObjectEqualsMatcher.html
919 silly gunzTarPerm extractEntry docs/class_goog_labs_testing_RegexMatcher.html
920 silly gunzTarPerm extractEntry docs/class_goog_labs_testing_StartsWithMatcher.html
921 silly gunzTarPerm extractEntry docs/class_goog_labs_testing_StringContainsInOrderMatcher.html
922 silly gunzTarPerm extractEntry docs/class_goog_net_DefaultXmlHttpFactory.html
923 silly gunzTarPerm extractEntry docs/class_goog_net_WrapperXmlHttpFactory.html
924 silly gunzTarPerm extractEntry docs/class_goog_net_XmlHttpFactory.html
925 silly gunzTarPerm extractEntry docs/class_goog_structs_Map.html
926 silly gunzTarPerm extractEntry docs/class_webdriver_AbstractBuilder.html
927 silly gunzTarPerm extractEntry docs/class_webdriver_ActionSequence.html
928 silly gunzTarPerm extractEntry docs/class_webdriver_Alert.html
929 silly gunzTarPerm extractEntry docs/class_webdriver_Builder.html
930 silly gunzTarPerm extractEntry docs/class_webdriver_Capabilities.html
931 silly gunzTarPerm extractEntry docs/class_webdriver_Command.html
932 silly gunzTarPerm extractEntry docs/class_webdriver_EventEmitter.html
933 silly gunzTarPerm extractEntry docs/class_webdriver_FirefoxDomExecutor.html
934 silly gunzTarPerm extractEntry docs/class_webdriver_Locator.html
935 silly gunzTarPerm extractEntry docs/class_webdriver_Session.html
936 silly gunzTarPerm extractEntry docs/class_webdriver_UnhandledAlertError.html
937 silly gunzTarPerm extractEntry docs/class_webdriver_WebDriver.html
938 silly gunzTarPerm extractEntry docs/class_webdriver_WebDriver_Logs.html
939 silly gunzTarPerm extractEntry docs/class_webdriver_WebDriver_Navigation.html
940 silly gunzTarPerm extractEntry docs/class_webdriver_WebDriver_Options.html
941 silly gunzTarPerm extractEntry docs/class_webdriver_WebDriver_TargetLocator.html
942 silly gunzTarPerm extractEntry docs/class_webdriver_WebDriver_Timeouts.html
943 silly gunzTarPerm extractEntry docs/class_webdriver_WebDriver_Window.html
944 silly gunzTarPerm extractEntry docs/class_webdriver_WebElement.html
945 silly gunzTarPerm extractEntry docs/class_webdriver_http_CorsClient.html
946 silly gunzTarPerm extractEntry docs/class_webdriver_http_Executor.html
947 silly gunzTarPerm extractEntry docs/class_webdriver_http_Request.html
948 silly gunzTarPerm extractEntry docs/class_webdriver_http_Response.html
949 silly gunzTarPerm extractEntry docs/class_webdriver_http_XhrClient.html
950 silly gunzTarPerm extractEntry docs/class_webdriver_logging_Entry.html
951 silly gunzTarPerm extractEntry docs/class_webdriver_promise_CanceledTaskError_.html
952 silly gunzTarPerm extractEntry docs/class_webdriver_promise_ControlFlow.html
953 silly gunzTarPerm extractEntry docs/class_webdriver_promise_Deferred.html
954 silly gunzTarPerm extractEntry docs/class_webdriver_promise_Frame_.html
955 silly gunzTarPerm extractEntry docs/class_webdriver_promise_Node_.html
956 silly gunzTarPerm extractEntry docs/class_webdriver_promise_Promise.html
957 silly gunzTarPerm extractEntry docs/class_webdriver_promise_Task_.html
958 silly gunzTarPerm extractEntry docs/class_webdriver_stacktrace_Frame.html
959 silly gunzTarPerm extractEntry docs/class_webdriver_stacktrace_Snapshot.html
960 silly gunzTarPerm extractEntry docs/class_webdriver_testing_Assertion.html
961 silly gunzTarPerm extractEntry docs/class_webdriver_testing_Assertion_DelegatingMatcher_.html
962 silly gunzTarPerm extractEntry docs/class_webdriver_testing_ContainsMatcher.html
963 silly gunzTarPerm extractEntry docs/class_webdriver_testing_NegatedAssertion.html
964 silly gunzTarPerm extractEntry docs/dossier.css
965 silly gunzTarPerm extractEntry docs/class_bot_Error.html
966 silly gunzTarPerm extractEntry docs/enum_bot_ErrorCode.html
967 silly gunzTarPerm extractEntry docs/enum_bot_Error_State.html
968 silly gunzTarPerm extractEntry docs/enum_goog_net_XmlHttp_OptionType.html
969 silly gunzTarPerm extractEntry docs/class_goog_Uri.html
970 silly gunzTarPerm extractEntry docs/enum_goog_string_Unicode.html
971 silly gunzTarPerm extractEntry docs/enum_goog_uri_utils_CharCode_.html
972 silly gunzTarPerm extractEntry docs/enum_goog_uri_utils_ComponentIndex.html
973 silly gunzTarPerm extractEntry docs/enum_goog_uri_utils_StandardQueryParam.html
974 silly gunzTarPerm extractEntry docs/enum_webdriver_Browser.html
975 silly gunzTarPerm extractEntry docs/enum_webdriver_Button.html
976 silly gunzTarPerm extractEntry docs/enum_webdriver_Capability.html
977 silly gunzTarPerm extractEntry docs/enum_webdriver_CommandName.html
978 silly gunzTarPerm extractEntry docs/enum_webdriver_FirefoxDomExecutor_Attribute_.html
979 silly gunzTarPerm extractEntry docs/enum_webdriver_FirefoxDomExecutor_EventType_.html
980 silly gunzTarPerm extractEntry docs/enum_webdriver_Key.html
981 silly gunzTarPerm extractEntry docs/enum_webdriver_logging_Level.html
982 silly gunzTarPerm extractEntry docs/enum_webdriver_logging_LevelName.html
983 silly gunzTarPerm extractEntry docs/enum_webdriver_logging_Type.html
984 silly gunzTarPerm extractEntry docs/enum_webdriver_promise_ControlFlow_EventType.html
985 silly gunzTarPerm extractEntry docs/enum_webdriver_promise_Deferred_State_.html
986 silly gunzTarPerm extractEntry docs/index.html
987 silly gunzTarPerm extractEntry docs/interface_goog_labs_testing_Matcher.html
988 silly gunzTarPerm extractEntry docs/interface_webdriver_CommandExecutor.html
989 silly gunzTarPerm extractEntry docs/interface_webdriver_http_Client.html
990 silly gunzTarPerm extractEntry docs/license.html
991 silly gunzTarPerm extractEntry docs/module_selenium-webdriver.html
992 silly gunzTarPerm extractEntry docs/module_selenium-webdriver__base.html
993 silly gunzTarPerm extractEntry docs/module_selenium-webdriver_builder.html
994 silly gunzTarPerm extractEntry docs/module_selenium-webdriver_builder_class_Builder.html
995 silly gunzTarPerm extractEntry docs/module_selenium-webdriver_chrome.html
996 silly gunzTarPerm extractEntry docs/module_selenium-webdriver_chrome_class_Options.html
997 silly gunzTarPerm extractEntry docs/module_selenium-webdriver_chrome_class_ServiceBuilder.html
998 silly gunzTarPerm extractEntry docs/module_selenium-webdriver_error.html
999 silly gunzTarPerm extractEntry docs/module_selenium-webdriver_executors.html
1000 silly gunzTarPerm extractEntry docs/module_selenium-webdriver_http.html
1001 silly gunzTarPerm extractEntry docs/module_selenium-webdriver_http_class_HttpClient.html
1002 silly gunzTarPerm extractEntry docs/module_selenium-webdriver_http_util.html
1003 silly gunzTarPerm extractEntry docs/module_selenium-webdriver_io.html
1004 silly gunzTarPerm extractEntry docs/module_selenium-webdriver_net.html
1005 silly gunzTarPerm extractEntry docs/module_selenium-webdriver_net_portprober.html
1006 silly gunzTarPerm extractEntry docs/module_selenium-webdriver_phantomjs.html
1007 silly gunzTarPerm extractEntry docs/module_selenium-webdriver_proxy.html
1008 silly gunzTarPerm extractEntry docs/module_selenium-webdriver_remote.html
1009 silly gunzTarPerm extractEntry docs/module_selenium-webdriver_remote_class_DriverService.html
1010 silly gunzTarPerm extractEntry docs/module_selenium-webdriver_remote_class_SeleniumServer.html
1011 silly gunzTarPerm extractEntry docs/module_selenium-webdriver_testing.html
1012 silly gunzTarPerm extractEntry docs/module_selenium-webdriver_testing_assert.html
1013 silly gunzTarPerm extractEntry docs/namespace_bot.html
1014 silly gunzTarPerm extractEntry docs/namespace_bot_json.html
1015 silly gunzTarPerm extractEntry docs/namespace_bot_response.html
1016 silly gunzTarPerm extractEntry docs/namespace_bot_userAgent.html
1017 silly gunzTarPerm extractEntry docs/namespace_goog.html
1018 silly gunzTarPerm extractEntry docs/namespace_goog_array.html
1019 silly gunzTarPerm extractEntry docs/namespace_goog_asserts.html
1020 silly gunzTarPerm extractEntry docs/namespace_goog_debug.html
1021 silly gunzTarPerm extractEntry docs/namespace_goog_iter.html
1022 silly gunzTarPerm extractEntry docs/namespace_goog_json.html
1023 silly gunzTarPerm extractEntry docs/namespace_goog_labs.html
1024 silly gunzTarPerm extractEntry docs/namespace_goog_labs_testing.html
1025 silly gunzTarPerm extractEntry docs/namespace_goog_net.html
1026 silly gunzTarPerm extractEntry docs/namespace_goog_net_XmlHttp.html
1027 silly gunzTarPerm extractEntry docs/namespace_goog_object.html
1028 silly gunzTarPerm extractEntry docs/namespace_goog_string.html
1029 silly gunzTarPerm extractEntry docs/namespace_goog_structs.html
1030 silly gunzTarPerm extractEntry docs/namespace_goog_uri.html
1031 silly gunzTarPerm extractEntry docs/namespace_goog_uri_utils.html
1032 silly gunzTarPerm extractEntry docs/namespace_goog_userAgent.html
1033 silly gunzTarPerm extractEntry docs/namespace_goog_userAgent_product.html
1034 silly gunzTarPerm extractEntry docs/namespace_webdriver.html
1035 silly gunzTarPerm extractEntry docs/namespace_webdriver_By.html
1036 silly gunzTarPerm extractEntry docs/namespace_webdriver_http.html
1037 silly gunzTarPerm extractEntry docs/namespace_webdriver_logging.html
1038 silly gunzTarPerm extractEntry docs/namespace_webdriver_process.html
1039 silly gunzTarPerm extractEntry docs/namespace_webdriver_promise.html
1040 silly gunzTarPerm extractEntry docs/namespace_webdriver_stacktrace.html
1041 silly gunzTarPerm extractEntry docs/namespace_webdriver_testing.html
1042 silly gunzTarPerm extractEntry docs/namespace_webdriver_testing_assert.html
1043 silly gunzTarPerm extractEntry docs/namespace_webdriver_testing_asserts.html
1044 silly gunzTarPerm extractEntry docs/source/io/index.js.src.html
1045 silly gunzTarPerm extractEntry docs/source/_base.js.src.html
1046 silly gunzTarPerm extractEntry docs/source/chrome.js.src.html
1047 silly gunzTarPerm extractEntry docs/source/error.js.src.html
1048 silly gunzTarPerm extractEntry docs/source/executors.js.src.html
1049 silly gunzTarPerm extractEntry docs/source/http/index.js.src.html
1050 silly gunzTarPerm extractEntry docs/source/http/util.js.src.html
1051 silly gunzTarPerm extractEntry docs/source/index.js.src.html
1052 silly gunzTarPerm extractEntry docs/source/builder.js.src.html
1053 silly gunzTarPerm extractEntry docs/source/lib/atoms/error.js.src.html
1054 silly gunzTarPerm extractEntry docs/source/lib/atoms/json.js.src.html
1055 silly gunzTarPerm extractEntry docs/source/lib/atoms/response.js.src.html
1056 silly gunzTarPerm extractEntry docs/source/lib/atoms/userAgent.js.src.html
1057 silly gunzTarPerm extractEntry docs/source/lib/goog/labs/testing/assertthat.js.src.html
1058 silly gunzTarPerm extractEntry docs/source/lib/goog/labs/testing/logicmatcher.js.src.html
1059 silly gunzTarPerm extractEntry docs/source/lib/goog/labs/testing/matcher.js.src.html
1060 silly gunzTarPerm extractEntry docs/source/lib/goog/labs/testing/numbermatcher.js.src.html
1061 silly gunzTarPerm extractEntry docs/source/lib/goog/labs/testing/objectmatcher.js.src.html
1062 silly gunzTarPerm extractEntry docs/source/lib/goog/labs/testing/stringmatcher.js.src.html
1063 silly gunzTarPerm extractEntry docs/source/lib/goog/array/array.js.src.html
1064 silly gunzTarPerm extractEntry docs/source/lib/goog/base.js.src.html
1065 silly gunzTarPerm extractEntry docs/source/lib/goog/debug/error.js.src.html
1066 silly gunzTarPerm extractEntry docs/source/lib/goog/deps.js.src.html
1067 silly gunzTarPerm extractEntry docs/source/lib/goog/iter/iter.js.src.html
1068 silly gunzTarPerm extractEntry docs/source/lib/goog/json/json.js.src.html
1069 silly gunzTarPerm extractEntry docs/source/lib/goog/asserts/asserts.js.src.html
1070 silly gunzTarPerm extractEntry docs/source/lib/goog/net/wrapperxmlhttpfactory.js.src.html
1071 silly gunzTarPerm extractEntry docs/source/lib/goog/net/xmlhttp.js.src.html
1072 silly gunzTarPerm extractEntry docs/source/lib/goog/net/xmlhttpfactory.js.src.html
1073 silly gunzTarPerm extractEntry docs/source/lib/goog/object/object.js.src.html
1074 silly gunzTarPerm extractEntry docs/source/lib/goog/string/string.js.src.html
1075 silly gunzTarPerm extractEntry docs/source/lib/goog/structs/map.js.src.html
1076 silly gunzTarPerm extractEntry docs/source/lib/goog/structs/structs.js.src.html
1077 silly gunzTarPerm extractEntry docs/source/lib/goog/uri/uri.js.src.html
1078 silly gunzTarPerm extractEntry docs/source/lib/goog/uri/utils.js.src.html
1079 silly gunzTarPerm extractEntry docs/source/lib/goog/useragent/product.js.src.html
1080 silly gunzTarPerm extractEntry docs/source/lib/goog/useragent/product_isversion.js.src.html
1081 silly gunzTarPerm extractEntry docs/source/lib/goog/useragent/useragent.js.src.html
1082 silly gunzTarPerm extractEntry docs/source/lib/webdriver/key.js.src.html
1083 silly gunzTarPerm extractEntry docs/source/lib/webdriver/abstractbuilder.js.src.html
1084 silly gunzTarPerm extractEntry docs/source/lib/webdriver/builder.js.src.html
1085 silly gunzTarPerm extractEntry docs/source/lib/webdriver/button.js.src.html
1086 silly gunzTarPerm extractEntry docs/source/lib/webdriver/capabilities.js.src.html
1087 silly gunzTarPerm extractEntry docs/source/lib/webdriver/command.js.src.html
1088 silly gunzTarPerm extractEntry docs/source/lib/webdriver/events.js.src.html
1089 silly gunzTarPerm extractEntry docs/source/lib/webdriver/firefoxdomexecutor.js.src.html
1090 silly gunzTarPerm extractEntry docs/source/lib/webdriver/http/corsclient.js.src.html
1091 silly gunzTarPerm extractEntry docs/source/lib/webdriver/http/http.js.src.html
1092 silly gunzTarPerm extractEntry docs/source/lib/webdriver/http/xhrclient.js.src.html
1093 silly gunzTarPerm extractEntry docs/source/lib/webdriver/actionsequence.js.src.html
1094 silly gunzTarPerm extractEntry docs/source/lib/webdriver/locators.js.src.html
1095 silly gunzTarPerm extractEntry docs/source/lib/webdriver/logging.js.src.html
1096 silly gunzTarPerm extractEntry docs/source/lib/webdriver/process.js.src.html
1097 silly gunzTarPerm extractEntry docs/source/lib/webdriver/promise.js.src.html
1098 silly gunzTarPerm extractEntry docs/source/lib/webdriver/session.js.src.html
1099 silly gunzTarPerm extractEntry docs/source/lib/webdriver/stacktrace.js.src.html
1100 silly gunzTarPerm extractEntry docs/source/lib/webdriver/testing/asserts.js.src.html
1101 silly gunzTarPerm extractEntry docs/source/lib/webdriver/webdriver.js.src.html
1102 silly gunzTarPerm extractEntry docs/source/net/index.js.src.html
1103 silly gunzTarPerm extractEntry docs/source/net/portprober.js.src.html
1104 silly gunzTarPerm extractEntry docs/source/phantomjs.js.src.html
1105 silly gunzTarPerm extractEntry docs/source/proxy.js.src.html
1106 silly gunzTarPerm extractEntry docs/source/remote/index.js.src.html
1107 silly gunzTarPerm extractEntry docs/source/testing/assert.js.src.html
1108 silly gunzTarPerm extractEntry docs/source/testing/index.js.src.html
1109 silly gunzTarPerm extractEntry docs/enum_goog_net_XmlHttp_ReadyState.html
1110 silly gunzTarPerm extractEntry remote/index.js
1111 silly gunzTarPerm extractEntry test/window_test.js
1112 silly gunzTarPerm extractEntry test/element_finding_test.js
1113 silly gunzTarPerm extractEntry test/tag_name_test.js
1114 silly gunzTarPerm extractEntry test/stale_element_test.js
1115 silly gunzTarPerm extractEntry test/cookie_test.js
1116 silly gunzTarPerm extractEntry test/proxy_test.js
1117 silly gunzTarPerm extractEntry test/page_loading_test.js
1118 silly gunzTarPerm extractEntry test/net/portprober_test.js
1119 silly gunzTarPerm extractEntry test/http/util_test.js
1120 silly gunzTarPerm extractEntry test/testing/index_test.js
1121 silly gunzTarPerm extractEntry test/chrome/options_test.js
1122 silly gunzTarPerm extractEntry testing/assert.js
1123 silly gunzTarPerm extractEntry testing/index.js
1124 silly lockFile b2b257ef-erstack-webdriver-2-41-0-package tar:///home/gijs/.npm/browserstack-webdriver/2.41.0/package
1125 silly lockFile b2b257ef-erstack-webdriver-2-41-0-package tar:///home/gijs/.npm/browserstack-webdriver/2.41.0/package
1126 silly lockFile ca05665b-ack-webdriver-2-41-0-package-tgz tar:///home/gijs/.npm/browserstack-webdriver/2.41.0/package.tgz
1127 silly lockFile ca05665b-ack-webdriver-2-41-0-package-tgz tar:///home/gijs/.npm/browserstack-webdriver/2.41.0/package.tgz
1128 verbose chmod /home/gijs/.npm/browserstack-webdriver/2.41.0/package.tgz 644
1129 verbose chown /home/gijs/.npm/browserstack-webdriver/2.41.0/package.tgz [ 1000, 1000 ]
1130 silly lockFile 5af4ddb2-rowserstack-webdriver-2-41-0-tgz https://registry.npmjs.org/browserstack-webdriver/-/browserstack-webdriver-2.41.0.tgz
1131 silly lockFile 5af4ddb2-rowserstack-webdriver-2-41-0-tgz https://registry.npmjs.org/browserstack-webdriver/-/browserstack-webdriver-2.41.0.tgz
1132 silly lockFile e6e82cd8-browserstack-webdriver-2-41-0 browserstack-webdriver@2.41.0
1133 silly lockFile e6e82cd8-browserstack-webdriver-2-41-0 browserstack-webdriver@2.41.0
1134 silly lockFile 064b8403-browserstack-webdriver browserstack-webdriver@
1135 silly lockFile 064b8403-browserstack-webdriver browserstack-webdriver@
1136 silly resolved [ { name: 'browserstack-webdriver',
1136 silly resolved     version: '2.41.0',
1136 silly resolved     description: 'BrowserStack WebDriver JavaScript bindings with keep alive support',
1136 silly resolved     keywords: [ 'automation', 'selenium', 'testing', 'webdriver', 'webdriverjs' ],
1136 silly resolved     homepage: 'https://github.com/browserstack/selenium-webdriver-nodejs',
1136 silly resolved     bugs: { url: 'https://github.com/browserstack/selenium-webdriver-nodejs/issues' },
1136 silly resolved     main: './index',
1136 silly resolved     repository:
1136 silly resolved      { type: 'git',
1136 silly resolved        url: 'https://github.com/browserstack/selenium-webdriver-nodejs' },
1136 silly resolved     engines: { node: '>= 0.8.x' },
1136 silly resolved     devDependencies: { mocha: '~1.10.0' },
1136 silly resolved     scripts: { test: 'node_modules/mocha/bin/mocha -R list --recursive test' },
1136 silly resolved     readme: '# selenium-webdriver\n\n## Installation\n\nInstall the latest published version using `npm`:\n\n    npm install selenium-webdriver\n\nIn addition to the npm package, you will to download the WebDriver\nimplementations you wish to utilize. As of 2.34.0, `selenium-webdriver`\nnatively supports the [ChromeDriver](http://chromedriver.storage.googleapis.com/index.html).\nSimply download a copy and make sure it can be found on your `PATH`. The other\ndrivers (e.g. Firefox, Internet Explorer, and Safari), still require the\n[standalone Selenium server](http://selenium-release.storage.googleapis.com/index.html).\n\n### Running the tests\n\nTo run the tests, you will need to download a copy of the\n[ChromeDriver](http://chromedriver.storage.googleapis.com/index.html) and make\nsure it can be found on your `PATH`.\n\n    npm test selenium-webdriver\n\nTo run the tests against multiple browsers, download the\n[Selenium server](http://selenium-release.storage.googleapis.com/index.html) and\nspecify its location through the `SELENIUM_SERVER_JAR` environment variable.\nYou can use the `SELENIUM_BROWSER` environment variable to define a\ncomma-separated list of browsers you wish to test against. For example:\n\n    export SELENIUM_SERVER_JAR=path/to/selenium-server-standalone-2.33.0.jar\n    SELENIUM_BROWSER=chrome,firefox npm test selenium-webdriver\n\n## Usage\n\n\n    var webdriver = require(\'selenium-webdriver\');\n\n    var driver = new webdriver.Builder().\n        withCapabilities(webdriver.Capabilities.chrome()).\n        build();\n\n    driver.get(\'http://www.google.com\');\n    driver.findElement(webdriver.By.name(\'q\')).sendKeys(\'webdriver\');\n    driver.findElement(webdriver.By.name(\'btnG\')).click();\n    driver.wait(function() {\n      return driver.getTitle().then(function(title) {\n        return title === \'webdriver - Google Search\';\n      });\n    }, 1000);\n\n    driver.quit();\n\n## Documentation\n\nFull documentation is available on the [Selenium project wiki](http://code.google.com/p/selenium/wiki/WebDriverJs "User guide").\n\n## Issues\n\nPlease report any issues using the [Selenium issue tracker](https://code.google.com/p/selenium/issues/list).\n\n## License\n\nCopyright 2009-2014 Software Freedom Conservancy\n\nLicensed under the Apache License, Version 2.0 (the "License");\nyou may not use this file except in compliance with the License.\nYou may obtain a copy of the License at\n\n     http://www.apache.org/licenses/LICENSE-2.0\n\nUnless required by applicable law or agreed to in writing, software\ndistributed under the License is distributed on an "AS IS" BASIS,\nWITHOUT WARRANTIES OR CONDITIONS OF ANY KIND, either express or implied.\nSee the License for the specific language governing permissions and\nlimitations under the License.\n',
1136 silly resolved     readmeFilename: 'README.md',
1136 silly resolved     _id: 'browserstack-webdriver@2.41.0',
1136 silly resolved     dist: { shasum: '921afb93bd952295e29958b36dd79d40eb6465e1' },
1136 silly resolved     _from: 'browserstack-webdriver@',
1136 silly resolved     _resolved: 'https://registry.npmjs.org/browserstack-webdriver/-/browserstack-webdriver-2.41.0.tgz',
1136 silly resolved     dependencies: { 'keep-alive-agent': '*' } } ]
1137 info install browserstack-webdriver@2.41.0 into /usr/lib
1138 info installOne browserstack-webdriver@2.41.0
1139 info /usr/lib/node_modules/browserstack-webdriver unbuild
1140 verbose tar unpack /home/gijs/.npm/browserstack-webdriver/2.41.0/package.tgz
1141 silly lockFile 07285e74-e-modules-browserstack-webdriver tar:///usr/lib/node_modules/browserstack-webdriver
1142 verbose lock tar:///usr/lib/node_modules/browserstack-webdriver /home/gijs/.npm/07285e74-e-modules-browserstack-webdriver.lock
1143 silly lockFile ca05665b-ack-webdriver-2-41-0-package-tgz tar:///home/gijs/.npm/browserstack-webdriver/2.41.0/package.tgz
1144 verbose lock tar:///home/gijs/.npm/browserstack-webdriver/2.41.0/package.tgz /home/gijs/.npm/ca05665b-ack-webdriver-2-41-0-package-tgz.lock
1145 silly gunzTarPerm modes [ '755', '644' ]
1146 error Error: EACCES, mkdir '/usr/lib/node_modules/browserstack-webdriver'
1146 error  { [Error: EACCES, mkdir '/usr/lib/node_modules/browserstack-webdriver']
1146 error   errno: 3,
1146 error   code: 'EACCES',
1146 error   path: '/usr/lib/node_modules/browserstack-webdriver',
1146 error   fstream_type: 'Directory',
1146 error   fstream_path: '/usr/lib/node_modules/browserstack-webdriver',
1146 error   fstream_class: 'DirWriter',
1146 error   fstream_stack:
1146 error    [ '/usr/lib/node_modules/npm/node_modules/fstream/lib/dir-writer.js:36:23',
1146 error      '/usr/lib/node_modules/npm/node_modules/mkdirp/index.js:37:53',
1146 error      'Object.oncomplete (fs.js:107:15)' ] }
1147 error Please try running this command again as root/Administrator.
1148 error System Linux 3.11.0-12-generic
1149 error command "/usr/bin/node" "/usr/bin/npm" "install" "-g" "browserstack-webdriver" "--save-dev"
1150 error cwd /home/gijs/Projects/elaborate-frontend
1151 error node -v v0.10.26
1152 error npm -v 1.4.3
1153 error path /usr/lib/node_modules/browserstack-webdriver
1154 error fstream_path /usr/lib/node_modules/browserstack-webdriver
1155 error fstream_type Directory
1156 error fstream_class DirWriter
1157 error code EACCES
1158 error errno 3
1159 error stack Error: EACCES, mkdir '/usr/lib/node_modules/browserstack-webdriver'
1160 error fstream_stack /usr/lib/node_modules/npm/node_modules/fstream/lib/dir-writer.js:36:23
1160 error fstream_stack /usr/lib/node_modules/npm/node_modules/mkdirp/index.js:37:53
1160 error fstream_stack Object.oncomplete (fs.js:107:15)
1161 verbose exit [ 3, true ]
